#
# There is insufficient memory for the Java Runtime Environment to continue.
# Cannot create GC thread. Out of system resources.
# Possible reasons:
#   The system is out of physical RAM or swap space
#   In 32 bit mode, the process size limit was hit
# Possible solutions:
#   Reduce memory load on the system
#   Increase physical memory or swap space
#   Check if swap backing store is full
#   Use 64 bit Java on a 64 bit OS
#   Decrease Java heap size (-Xmx/-Xms)
#   Decrease number of Java threads
#   Decrease Java thread stack sizes (-Xss)
#   Set larger code cache with -XX:ReservedCodeCacheSize=
# This output file may be truncated or incomplete.
#
#  Out of Memory Error (gcTaskThread.cpp:48), pid=7898, tid=0x00007f5979fae740
#
# JRE version:  (8.0_121-b13) (build )
# Java VM: OpenJDK 64-Bit Server VM (25.121-b13 mixed mode linux-amd64 compressed oops)
# Failed to write core dump. Core dumps have been disabled. To enable core dumping, try "ulimit -c unlimited" before starting Java again
#

---------------  T H R E A D  ---------------

Current thread (0x00000000024ca800):  JavaThread "Unknown thread" [_thread_in_vm, id=7898, stack(0x00007fffc6b61000,0x00007fffc6c61000)]

Stack: [0x00007fffc6b61000,0x00007fffc6c61000],  sp=0x00007fffc6c5b330,  free space=1000k
Native frames: (J=compiled Java code, j=interpreted, Vv=VM code, C=native code)
V  [libjvm.so+0xa1420d]
V  [libjvm.so+0x4c715a]
V  [libjvm.so+0x59478f]
V  [libjvm.so+0x593957]
V  [libjvm.so+0x899084]
V  [libjvm.so+0x9de509]
V  [libjvm.so+0x9de712]
V  [libjvm.so+0x5f2b85]
V  [libjvm.so+0x9c1e1e]
V  [libjvm.so+0x665acf]  JNI_CreateJavaVM+0x5f
C  [libjli.so+0x3057]
C  [libjli.so+0x83a9]
C  [libjli.so+0x4b72]
C  [libjli.so+0x57f2]  JLI_Launch+0xaf2
C  [java+0x68c]
C  [libc.so.6+0x21b35]  __libc_start_main+0xf5


---------------  P R O C E S S  ---------------

Java Threads: ( => current thread )

Other Threads:

=>0x00000000024ca800 (exited) JavaThread "Unknown thread" [_thread_in_vm, id=7898, stack(0x00007fffc6b61000,0x00007fffc6c61000)]

VM state:not at safepoint (not fully initialized)

VM Mutex/Monitor currently owned by a thread: None

GC Heap History (0 events):
No events

Deoptimization events (0 events):
No events

Internal exceptions (0 events):
No events

Events (0 events):
No events


Dynamic libraries:
00400000-00401000 r-xp 00000000 08:02 5253364                            /usr/lib/jvm/java-1.8.0-openjdk-1.8.0.121-0.b13.el7_3.x86_64/bin/java
00600000-00601000 r--p 00000000 08:02 5253364                            /usr/lib/jvm/java-1.8.0-openjdk-1.8.0.121-0.b13.el7_3.x86_64/bin/java
00601000-00602000 rw-p 00001000 08:02 5253364                            /usr/lib/jvm/java-1.8.0-openjdk-1.8.0.121-0.b13.el7_3.x86_64/bin/java
024be000-02500000 rw-p 00000000 00:00 0                                  [heap]
5cb200000-5e0100000 rw-p 00000000 00:00 0 
5e0100000-719100000 ---p 00000000 00:00 0 
719100000-723800000 rw-p 00000000 00:00 0 
723800000-7c0000000 ---p 00000000 00:00 0 
7f596603c000-7f59660e4000 rw-p 00000000 00:00 0 
7f59660e4000-7f5966aac000 ---p 00000000 00:00 0 
7f5966aac000-7f5966b54000 rw-p 00000000 00:00 0 
7f5966b54000-7f596751b000 ---p 00000000 00:00 0 
7f596751b000-7f596756f000 rw-p 00000000 00:00 0 
7f596756f000-7f5967a53000 ---p 00000000 00:00 0 
7f5967a53000-7f5967a5e000 rw-p 00000000 00:00 0 
7f5967a5e000-7f5967e14000 ---p 00000000 00:00 0 
7f5967e14000-7f5968084000 rwxp 00000000 00:00 0 
7f5968084000-7f5976e14000 ---p 00000000 00:00 0 
7f5976e14000-7f5976e1c000 r-xp 00000000 08:02 5253325                    /usr/lib/jvm/java-1.8.0-openjdk-1.8.0.121-0.b13.el7_3.x86_64/jre/lib/amd64/libzip.so
7f5976e1c000-7f597701b000 ---p 00008000 08:02 5253325                    /usr/lib/jvm/java-1.8.0-openjdk-1.8.0.121-0.b13.el7_3.x86_64/jre/lib/amd64/libzip.so
7f597701b000-7f597701c000 r--p 00007000 08:02 5253325                    /usr/lib/jvm/java-1.8.0-openjdk-1.8.0.121-0.b13.el7_3.x86_64/jre/lib/amd64/libzip.so
7f597701c000-7f597701d000 rw-p 00008000 08:02 5253325                    /usr/lib/jvm/java-1.8.0-openjdk-1.8.0.121-0.b13.el7_3.x86_64/jre/lib/amd64/libzip.so
7f597701d000-7f5977029000 r-xp 00000000 08:02 3423332                    /usr/lib64/libnss_ldap.so.2
7f5977029000-7f5977228000 ---p 0000c000 08:02 3423332                    /usr/lib64/libnss_ldap.so.2
7f5977228000-7f5977229000 r--p 0000b000 08:02 3423332                    /usr/lib64/libnss_ldap.so.2
7f5977229000-7f597722a000 rw-p 0000c000 08:02 3423332                    /usr/lib64/libnss_ldap.so.2
7f597722a000-7f5977236000 r-xp 00000000 08:02 3413605                    /usr/lib64/libnss_files-2.17.so
7f5977236000-7f5977435000 ---p 0000c000 08:02 3413605                    /usr/lib64/libnss_files-2.17.so
7f5977435000-7f5977436000 r--p 0000b000 08:02 3413605                    /usr/lib64/libnss_files-2.17.so
7f5977436000-7f5977437000 rw-p 0000c000 08:02 3413605                    /usr/lib64/libnss_files-2.17.so
7f5977437000-7f597743d000 rw-p 00000000 00:00 0 
7f597743d000-7f597746a000 r-xp 00000000 08:02 5253307                    /usr/lib/jvm/java-1.8.0-openjdk-1.8.0.121-0.b13.el7_3.x86_64/jre/lib/amd64/libjava.so
7f597746a000-7f597766a000 ---p 0002d000 08:02 5253307                    /usr/lib/jvm/java-1.8.0-openjdk-1.8.0.121-0.b13.el7_3.x86_64/jre/lib/amd64/libjava.so
7f597766a000-7f597766b000 r--p 0002d000 08:02 5253307                    /usr/lib/jvm/java-1.8.0-openjdk-1.8.0.121-0.b13.el7_3.x86_64/jre/lib/amd64/libjava.so
7f597766b000-7f597766d000 rw-p 0002e000 08:02 5253307                    /usr/lib/jvm/java-1.8.0-openjdk-1.8.0.121-0.b13.el7_3.x86_64/jre/lib/amd64/libjava.so
7f597766d000-7f597767a000 r-xp 00000000 08:02 5253324                    /usr/lib/jvm/java-1.8.0-openjdk-1.8.0.121-0.b13.el7_3.x86_64/jre/lib/amd64/libverify.so
7f597767a000-7f5977879000 ---p 0000d000 08:02 5253324                    /usr/lib/jvm/java-1.8.0-openjdk-1.8.0.121-0.b13.el7_3.x86_64/jre/lib/amd64/libverify.so
7f5977879000-7f597787b000 r--p 0000c000 08:02 5253324                    /usr/lib/jvm/java-1.8.0-openjdk-1.8.0.121-0.b13.el7_3.x86_64/jre/lib/amd64/libverify.so
7f597787b000-7f597787c000 rw-p 0000e000 08:02 5253324                    /usr/lib/jvm/java-1.8.0-openjdk-1.8.0.121-0.b13.el7_3.x86_64/jre/lib/amd64/libverify.so
7f597787c000-7f5977883000 r-xp 00000000 08:02 3413608                    /usr/lib64/librt-2.17.so
7f5977883000-7f5977a82000 ---p 00007000 08:02 3413608                    /usr/lib64/librt-2.17.so
7f5977a82000-7f5977a83000 r--p 00006000 08:02 3413608                    /usr/lib64/librt-2.17.so
7f5977a83000-7f5977a84000 rw-p 00007000 08:02 3413608                    /usr/lib64/librt-2.17.so
7f5977a84000-7f5977a99000 r-xp 00000000 08:02 3415330                    /usr/lib64/libgcc_s-4.8.5-20150702.so.1
7f5977a99000-7f5977c98000 ---p 00015000 08:02 3415330                    /usr/lib64/libgcc_s-4.8.5-20150702.so.1
7f5977c98000-7f5977c99000 r--p 00014000 08:02 3415330                    /usr/lib64/libgcc_s-4.8.5-20150702.so.1
7f5977c99000-7f5977c9a000 rw-p 00015000 08:02 3415330                    /usr/lib64/libgcc_s-4.8.5-20150702.so.1
7f5977c9a000-7f5977d9a000 r-xp 00000000 08:02 3413603                    /usr/lib64/libm-2.17.so
7f5977d9a000-7f5977f9a000 ---p 00100000 08:02 3413603                    /usr/lib64/libm-2.17.so
7f5977f9a000-7f5977f9b000 r--p 00100000 08:02 3413603                    /usr/lib64/libm-2.17.so
7f5977f9b000-7f5977f9c000 rw-p 00101000 08:02 3413603                    /usr/lib64/libm-2.17.so
7f5977f9c000-7f5978085000 r-xp 00000000 08:02 3408513                    /usr/lib64/libstdc++.so.6.0.19
7f5978085000-7f5978285000 ---p 000e9000 08:02 3408513                    /usr/lib64/libstdc++.so.6.0.19
7f5978285000-7f597828e000 r--p 000e9000 08:02 3408513                    /usr/lib64/libstdc++.so.6.0.19
7f597828e000-7f5978290000 rw-p 000f2000 08:02 3408513                    /usr/lib64/libstdc++.so.6.0.19
7f5978290000-7f59782a5000 rw-p 00000000 00:00 0 
7f59782a5000-7f5978eb6000 r-xp 00000000 08:02 5253329                    /usr/lib/jvm/java-1.8.0-openjdk-1.8.0.121-0.b13.el7_3.x86_64/jre/lib/amd64/server/libjvm.so
7f5978eb6000-7f59790b5000 ---p 00c11000 08:02 5253329                    /usr/lib/jvm/java-1.8.0-openjdk-1.8.0.121-0.b13.el7_3.x86_64/jre/lib/amd64/server/libjvm.so
7f59790b5000-7f5979154000 r--p 00c10000 08:02 5253329                    /usr/lib/jvm/java-1.8.0-openjdk-1.8.0.121-0.b13.el7_3.x86_64/jre/lib/amd64/server/libjvm.so
7f5979154000-7f597917d000 rw-p 00caf000 08:02 5253329                    /usr/lib/jvm/java-1.8.0-openjdk-1.8.0.121-0.b13.el7_3.x86_64/jre/lib/amd64/server/libjvm.so
7f597917d000-7f59791af000 rw-p 00000000 00:00 0 
7f59791af000-7f5979365000 r-xp 00000000 08:02 3408466                    /usr/lib64/libc-2.17.so
7f5979365000-7f5979565000 ---p 001b6000 08:02 3408466                    /usr/lib64/libc-2.17.so
7f5979565000-7f5979569000 r--p 001b6000 08:02 3408466                    /usr/lib64/libc-2.17.so
7f5979569000-7f597956b000 rw-p 001ba000 08:02 3408466                    /usr/lib64/libc-2.17.so
7f597956b000-7f5979570000 rw-p 00000000 00:00 0 
7f5979570000-7f5979572000 r-xp 00000000 08:02 3413602                    /usr/lib64/libdl-2.17.so
7f5979572000-7f5979772000 ---p 00002000 08:02 3413602                    /usr/lib64/libdl-2.17.so
7f5979772000-7f5979773000 r--p 00002000 08:02 3413602                    /usr/lib64/libdl-2.17.so
7f5979773000-7f5979774000 rw-p 00003000 08:02 3413602                    /usr/lib64/libdl-2.17.so
7f5979774000-7f5979782000 r-xp 00000000 08:02 5253413                    /usr/lib/jvm/java-1.8.0-openjdk-1.8.0.121-0.b13.el7_3.x86_64/lib/amd64/jli/libjli.so
7f5979782000-7f5979981000 ---p 0000e000 08:02 5253413                    /usr/lib/jvm/java-1.8.0-openjdk-1.8.0.121-0.b13.el7_3.x86_64/lib/amd64/jli/libjli.so
7f5979981000-7f5979982000 r--p 0000d000 08:02 5253413                    /usr/lib/jvm/java-1.8.0-openjdk-1.8.0.121-0.b13.el7_3.x86_64/lib/amd64/jli/libjli.so
7f5979982000-7f5979983000 rw-p 0000e000 08:02 5253413                    /usr/lib/jvm/java-1.8.0-openjdk-1.8.0.121-0.b13.el7_3.x86_64/lib/amd64/jli/libjli.so
7f5979983000-7f5979998000 r-xp 00000000 08:02 3408643                    /usr/lib64/libz.so.1.2.7
7f5979998000-7f5979b97000 ---p 00015000 08:02 3408643                    /usr/lib64/libz.so.1.2.7
7f5979b97000-7f5979b98000 r--p 00014000 08:02 3408643                    /usr/lib64/libz.so.1.2.7
7f5979b98000-7f5979b99000 rw-p 00015000 08:02 3408643                    /usr/lib64/libz.so.1.2.7
7f5979b99000-7f5979bb0000 r-xp 00000000 08:02 3408492                    /usr/lib64/libpthread-2.17.so
7f5979bb0000-7f5979daf000 ---p 00017000 08:02 3408492                    /usr/lib64/libpthread-2.17.so
7f5979daf000-7f5979db0000 r--p 00016000 08:02 3408492                    /usr/lib64/libpthread-2.17.so
7f5979db0000-7f5979db1000 rw-p 00017000 08:02 3408492                    /usr/lib64/libpthread-2.17.so
7f5979db1000-7f5979db5000 rw-p 00000000 00:00 0 
7f5979db5000-7f5979dd5000 r-xp 00000000 08:02 3408459                    /usr/lib64/ld-2.17.so
7f5979ead000-7f5979eae000 ---p 00000000 00:00 0 
7f5979eae000-7f5979fb3000 rw-p 00000000 00:00 0 
7f5979fc6000-7f5979fc9000 rw-p 00000000 00:00 0 
7f5979fc9000-7f5979fd1000 rw-s 00000000 00:23 51231418                   /tmp/hsperfdata_josephd/7898
7f5979fd1000-7f5979fd2000 rw-p 00000000 00:00 0 
7f5979fd2000-7f5979fd3000 r--p 00000000 00:00 0 
7f5979fd3000-7f5979fd4000 rw-p 00000000 00:00 0 
7f5979fd4000-7f5979fd5000 r--p 0001f000 08:02 3408459                    /usr/lib64/ld-2.17.so
7f5979fd5000-7f5979fd6000 rw-p 00020000 08:02 3408459                    /usr/lib64/ld-2.17.so
7f5979fd6000-7f5979fd7000 rw-p 00000000 00:00 0 
7fffc6b61000-7fffc6b64000 ---p 00000000 00:00 0 
7fffc6b65000-7fffc6c61000 rw-p 00000000 00:00 0                          [stack]
7fffc6c6f000-7fffc6c71000 r-xp 00000000 00:00 0                          [vdso]
ffffffffff600000-ffffffffff601000 r-xp 00000000 00:00 0                  [vsyscall]

VM Arguments:
jvm_args: -Dfile.encoding=UTF-8 
java_command: airbnb.Application
java_class_path (initial): /home/josephd/workspace/airbnb/bin:/home/josephd/workspace/airbnb/mysql.jar
Launcher Type: SUN_STANDARD

Environment Variables:
PATH=/usr/lib64/qt-3.3/bin:/usr/local/bin:/usr/bin:/bin:/usr/local/sbin:/usr/sbin
SHELL=/bin/tcsh
DISPLAY=:0
HOSTTYPE=x86_64-linux
OSTYPE=linux
MACHTYPE=x86_64

Signal Handlers:
SIGSEGV: [libjvm.so+0xa14d20], sa_mask[0]=11111111011111111101111111111110, sa_flags=SA_RESTART|SA_SIGINFO
SIGBUS: [libjvm.so+0xa14d20], sa_mask[0]=11111111011111111101111111111110, sa_flags=SA_RESTART|SA_SIGINFO
SIGFPE: [libjvm.so+0x8701b0], sa_mask[0]=11111111011111111101111111111110, sa_flags=SA_RESTART|SA_SIGINFO
SIGPIPE: [libjvm.so+0x8701b0], sa_mask[0]=11111111011111111101111111111110, sa_flags=SA_RESTART|SA_SIGINFO
SIGXFSZ: [libjvm.so+0x8701b0], sa_mask[0]=11111111011111111101111111111110, sa_flags=SA_RESTART|SA_SIGINFO
SIGILL: [libjvm.so+0x8701b0], sa_mask[0]=11111111011111111101111111111110, sa_flags=SA_RESTART|SA_SIGINFO
SIGUSR1: SIG_DFL, sa_mask[0]=00000000000000000000000000000000, sa_flags=none
SIGUSR2: [libjvm.so+0x870060], sa_mask[0]=00100000000000000000000000000000, sa_flags=SA_RESTART|SA_SIGINFO
SIGHUP: SIG_DFL, sa_mask[0]=00000000000000000000000000000000, sa_flags=none
SIGINT: SIG_DFL, sa_mask[0]=00000000000000000000000000000000, sa_flags=none
SIGTERM: SIG_DFL, sa_mask[0]=00000000000000000000000000000000, sa_flags=none
SIGQUIT: SIG_DFL, sa_mask[0]=00000000000000000000000000000000, sa_flags=none


---------------  S Y S T E M  ---------------

OS:CentOS Linux release 7.3.1611 (Core) 

uname:Linux 3.10.0-514.10.2.el7.x86_64 #1 SMP Fri Mar 3 00:04:05 UTC 2017 x86_64
libc:glibc 2.17 NPTL 2.17 
rlimit: STACK 8192k, CORE 0k, NPROC 500, NOFILE 4096, AS infinity
load average:0.03 0.10 0.13

/proc/meminfo:
MemTotal:       32822776 kB
MemFree:        21119844 kB
MemAvailable:   28567396 kB
Buffers:          268772 kB
Cached:          7467720 kB
SwapCached:            0 kB
Active:          5492144 kB
Inactive:        5195036 kB
Active(anon):    2980284 kB
Inactive(anon):   391796 kB
Active(file):    2511860 kB
Inactive(file):  4803240 kB
Unevictable:         124 kB
Mlocked:             124 kB
SwapTotal:       5242876 kB
SwapFree:        5242876 kB
Dirty:                 0 kB
Writeback:             0 kB
AnonPages:       2950736 kB
Mapped:           370688 kB
Shmem:            421400 kB
Slab:             615324 kB
SReclaimable:     534312 kB
SUnreclaim:        81012 kB
KernelStack:       20352 kB
PageTables:        79724 kB
NFS_Unstable:          0 kB
Bounce:                0 kB
WritebackTmp:          0 kB
CommitLimit:    21654264 kB
Committed_AS:   15753012 kB
VmallocTotal:   34359738367 kB
VmallocUsed:      436616 kB
VmallocChunk:   34358947836 kB
HardwareCorrupted:     0 kB
AnonHugePages:   1157120 kB
HugePages_Total:       0
HugePages_Free:        0
HugePages_Rsvd:        0
HugePages_Surp:        0
Hugepagesize:       2048 kB
DirectMap4k:     1329056 kB
DirectMap2M:    17420288 kB
DirectMap1G:    14680064 kB


CPU:total 8 (4 cores per cpu, 2 threads per core) family 6 model 60 stepping 3, cmov, cx8, fxsr, mmx, sse, sse2, sse3, ssse3, sse4.1, sse4.2, popcnt, avx, avx2, aes, clmul, erms, lzcnt, ht, tsc, tscinvbit, bmi1, bmi2

/proc/cpuinfo:
processor	: 0
vendor_id	: GenuineIntel
cpu family	: 6
model		: 60
model name	: Intel(R) Core(TM) i7-4790 CPU @ 3.60GHz
stepping	: 3
microcode	: 0x20
cpu MHz		: 3372.609
cache size	: 8192 KB
physical id	: 0
siblings	: 8
core id		: 0
cpu cores	: 4
apicid		: 0
initial apicid	: 0
fpu		: yes
fpu_exception	: yes
cpuid level	: 13
wp		: yes
flags		: fpu vme de pse tsc msr pae mce cx8 apic sep mtrr pge mca cmov pat pse36 clflush dts acpi mmx fxsr sse sse2 ss ht tm pbe syscall nx pdpe1gb rdtscp lm constant_tsc arch_perfmon pebs bts rep_good nopl xtopology nonstop_tsc aperfmperf eagerfpu pni pclmulqdq dtes64 monitor ds_cpl vmx smx est tm2 ssse3 fma cx16 xtpr pdcm pcid sse4_1 sse4_2 x2apic movbe popcnt tsc_deadline_timer aes xsave avx f16c rdrand lahf_lm abm ida arat epb pln pts dtherm tpr_shadow vnmi flexpriority ept vpid fsgsbase tsc_adjust bmi1 avx2 smep bmi2 erms invpcid xsaveopt
bogomips	: 7199.71
clflush size	: 64
cache_alignment	: 64
address sizes	: 39 bits physical, 48 bits virtual
power management:

processor	: 1
vendor_id	: GenuineIntel
cpu family	: 6
model		: 60
model name	: Intel(R) Core(TM) i7-4790 CPU @ 3.60GHz
stepping	: 3
microcode	: 0x20
cpu MHz		: 3243.796
cache size	: 8192 KB
physical id	: 0
siblings	: 8
core id		: 1
cpu cores	: 4
apicid		: 2
initial apicid	: 2
fpu		: yes
fpu_exception	: yes
cpuid level	: 13
wp		: yes
flags		: fpu vme de pse tsc msr pae mce cx8 apic sep mtrr pge mca cmov pat pse36 clflush dts acpi mmx fxsr sse sse2 ss ht tm pbe syscall nx pdpe1gb rdtscp lm constant_tsc arch_perfmon pebs bts rep_good nopl xtopology nonstop_tsc aperfmperf eagerfpu pni pclmulqdq dtes64 monitor ds_cpl vmx smx est tm2 ssse3 fma cx16 xtpr pdcm pcid sse4_1 sse4_2 x2apic movbe popcnt tsc_deadline_timer aes xsave avx f16c rdrand lahf_lm abm ida arat epb pln pts dtherm tpr_shadow vnmi flexpriority ept vpid fsgsbase tsc_adjust bmi1 avx2 smep bmi2 erms invpcid xsaveopt
bogomips	: 7199.71
clflush size	: 64
cache_alignment	: 64
address sizes	: 39 bits physical, 48 bits virtual
power management:

processor	: 2
vendor_id	: GenuineIntel
cpu family	: 6
model		: 60
model name	: Intel(R) Core(TM) i7-4790 CPU @ 3.60GHz
stepping	: 3
microcode	: 0x20
cpu MHz		: 3600.000
cache size	: 8192 KB
physical id	: 0
siblings	: 8
core id		: 2
cpu cores	: 4
apicid		: 4
initial apicid	: 4
fpu		: yes
fpu_exception	: yes
cpuid level	: 13
wp		: yes
flags		: fpu vme de pse tsc msr pae mce cx8 apic sep mtrr pge mca cmov pat pse36 clflush dts acpi mmx fxsr sse sse2 ss ht tm pbe syscall nx pdpe1gb rdtscp lm constant_tsc arch_perfmon pebs bts rep_good nopl xtopology nonstop_tsc aperfmperf eagerfpu pni pclmulqdq dtes64 monitor ds_cpl vmx smx est tm2 ssse3 fma cx16 xtpr pdcm pcid sse4_1 sse4_2 x2apic movbe popcnt tsc_deadline_timer aes xsave avx f16c rdrand lahf_lm abm ida arat epb pln pts dtherm tpr_shadow vnmi flexpriority ept vpid fsgsbase tsc_adjust bmi1 avx2 smep bmi2 erms invpcid xsaveopt
bogomips	: 7199.71
clflush size	: 64
cache_alignment	: 64
address sizes	: 39 bits physical, 48 bits virtual
power management:

processor	: 3
vendor_id	: GenuineIntel
cpu family	: 6
model		: 60
model name	: Intel(R) Core(TM) i7-4790 CPU @ 3.60GHz
stepping	: 3
microcode	: 0x20
cpu MHz		: 3605.203
cache size	: 8192 KB
physical id	: 0
siblings	: 8
core id		: 3
cpu cores	: 4
apicid		: 6
initial apicid	: 6
fpu		: yes
fpu_exception	: yes
cpuid level	: 13
wp		: yes
flags		: fpu vme de pse tsc msr pae mce cx8 apic sep mtrr pge mca cmov pat pse36 clflush dts acpi mmx fxsr sse sse2 ss ht tm pbe syscall nx pdpe1gb rdtscp lm constant_tsc arch_perfmon pebs bts rep_good nopl xtopology nonstop_tsc aperfmperf eagerfpu pni pclmulqdq dtes64 monitor ds_cpl vmx smx est tm2 ssse3 fma cx16 xtpr pdcm pcid sse4_1 sse4_2 x2apic movbe popcnt tsc_deadline_timer aes xsave avx f16c rdrand lahf_lm abm ida arat epb pln pts dtherm tpr_shadow vnmi flexpriority ept vpid fsgsbase tsc_adjust bmi1 avx2 smep bmi2 erms invpcid xsaveopt
bogomips	: 7199.71
clflush size	: 64
cache_alignment	: 64
address sizes	: 39 bits physical, 48 bits virtual
power management:

processor	: 4
vendor_id	: GenuineIntel
cpu family	: 6
model		: 60
model name	: Intel(R) Core(TM) i7-4790 CPU @ 3.60GHz
stepping	: 3
microcode	: 0x20
cpu MHz		: 3619.968
cache size	: 8192 KB
physical id	: 0
siblings	: 8
core id		: 0
cpu cores	: 4
apicid		: 1
initial apicid	: 1
fpu		: yes
fpu_exception	: yes
cpuid level	: 13
wp		: yes
flags		: fpu vme de pse tsc msr pae mce cx8 apic sep mtrr pge mca cmov pat pse36 clflush dts acpi mmx fxsr sse sse2 ss ht tm pbe syscall nx pdpe1gb rdtscp lm constant_tsc arch_perfmon pebs bts rep_good nopl xtopology nonstop_tsc aperfmperf eagerfpu pni pclmulqdq dtes64 monitor ds_cpl vmx smx est tm2 ssse3 fma cx16 xtpr pdcm pcid sse4_1 sse4_2 x2apic movbe popcnt tsc_deadline_timer aes xsave avx f16c rdrand lahf_lm abm ida arat epb pln pts dtherm tpr_shadow vnmi flexpriority ept vpid fsgsbase tsc_adjust bmi1 avx2 smep bmi2 erms invpcid xsaveopt
bogomips	: 7199.71
clflush size	: 64
cache_alignment	: 64
address sizes	: 39 bits physical, 48 bits virtual
power management:

processor	: 5
vendor_id	: GenuineIntel
cpu family	: 6
model		: 60
model name	: Intel(R) Core(TM) i7-4790 CPU @ 3.60GHz
stepping	: 3
microcode	: 0x20
cpu MHz		: 3615.328
cache size	: 8192 KB
physical id	: 0
siblings	: 8
core id		: 1
cpu cores	: 4
apicid		: 3
initial apicid	: 3
fpu		: yes
fpu_exception	: yes
cpuid level	: 13
wp		: yes
flags		: fpu vme de pse tsc msr pae mce cx8 apic sep mtrr pge mca cmov pat pse36 clflush dts acpi mmx fxsr sse sse2 ss ht tm pbe syscall nx pdpe1gb rdtscp lm constant_tsc arch_perfmon pebs bts rep_good nopl xtopology nonstop_tsc aperfmperf eagerfpu pni pclmulqdq dtes64 monitor ds_cpl vmx smx est tm2 ssse3 fma cx16 xtpr pdcm pcid sse4_1 sse4_2 x2apic movbe popcnt tsc_deadline_timer aes xsave avx f16c rdrand lahf_lm abm ida arat epb pln pts dtherm tpr_shadow vnmi flexpriority ept vpid fsgsbase tsc_adjust bmi1 avx2 smep bmi2 erms invpcid xsaveopt
bogomips	: 7199.71
clflush size	: 64
cache_alignment	: 64
address sizes	: 39 bits physical, 48 bits virtual
power management:

processor	: 6
vendor_id	: GenuineIntel
cpu family	: 6
model		: 60
model name	: Intel(R) Core(TM) i7-4790 CPU @ 3.60GHz
stepping	: 3
microcode	: 0x20
cpu MHz		: 3600.140
cache size	: 8192 KB
physical id	: 0
siblings	: 8
core id		: 2
cpu cores	: 4
apicid		: 5
initial apicid	: 5
fpu		: yes
fpu_exception	: yes
cpuid level	: 13
wp		: yes
flags		: fpu vme de pse tsc msr pae mce cx8 apic sep mtrr pge mca cmov pat pse36 clflush dts acpi mmx fxsr sse sse2 ss ht tm pbe syscall nx pdpe1gb rdtscp lm constant_tsc arch_perfmon pebs bts rep_good nopl xtopology nonstop_tsc aperfmperf eagerfpu pni pclmulqdq dtes64 monitor ds_cpl vmx smx est tm2 ssse3 fma cx16 xtpr pdcm pcid sse4_1 sse4_2 x2apic movbe popcnt tsc_deadline_timer aes xsave avx f16c rdrand lahf_lm abm ida arat epb pln pts dtherm tpr_shadow vnmi flexpriority ept vpid fsgsbase tsc_adjust bmi1 avx2 smep bmi2 erms invpcid xsaveopt
bogomips	: 7199.71
clflush size	: 64
cache_alignment	: 64
address sizes	: 39 bits physical, 48 bits virtual
power management:

processor	: 7
vendor_id	: GenuineIntel
cpu family	: 6
model		: 60
model name	: Intel(R) Core(TM) i7-4790 CPU @ 3.60GHz
stepping	: 3
microcode	: 0x20
cpu MHz		: 3168.984
cache size	: 8192 KB
physical id	: 0
siblings	: 8
core id		: 3
cpu cores	: 4
apicid		: 7
initial apicid	: 7
fpu		: yes
fpu_exception	: yes
cpuid level	: 13
wp		: yes
flags		: fpu vme de pse tsc msr pae mce cx8 apic sep mtrr pge mca cmov pat pse36 clflush dts acpi mmx fxsr sse sse2 ss ht tm pbe syscall nx pdpe1gb rdtscp lm constant_tsc arch_perfmon pebs bts rep_good nopl xtopology nonstop_tsc aperfmperf eagerfpu pni pclmulqdq dtes64 monitor ds_cpl vmx smx est tm2 ssse3 fma cx16 xtpr pdcm pcid sse4_1 sse4_2 x2apic movbe popcnt tsc_deadline_timer aes xsave avx f16c rdrand lahf_lm abm ida arat epb pln pts dtherm tpr_shadow vnmi flexpriority ept vpid fsgsbase tsc_adjust bmi1 avx2 smep bmi2 erms invpcid xsaveopt
bogomips	: 7199.71
clflush size	: 64
cache_alignment	: 64
address sizes	: 39 bits physical, 48 bits virtual
power management:



Memory: 4k page, physical 32822776k(21119844k free), swap 5242876k(5242876k free)

vm_info: OpenJDK 64-Bit Server VM (25.121-b13) for linux-amd64 JRE (1.8.0_121-b13), built on Jan 20 2017 16:56:20 by "mockbuild" with gcc 4.8.5 20150623 (Red Hat 4.8.5-11)

time: Sat Mar 25 13:55:28 2017
elapsed time: 0 seconds (0d 0h 0m 0s)

