#
# There is insufficient memory for the Java Runtime Environment to continue.
# Cannot create GC thread. Out of system resources.
# Possible reasons:
#   The system is out of physical RAM or swap space
#   In 32 bit mode, the process size limit was hit
# Possible solutions:
#   Reduce memory load on the system
#   Increase physical memory or swap space
#   Check if swap backing store is full
#   Use 64 bit Java on a 64 bit OS
#   Decrease Java heap size (-Xmx/-Xms)
#   Decrease number of Java threads
#   Decrease Java thread stack sizes (-Xss)
#   Set larger code cache with -XX:ReservedCodeCacheSize=
# This output file may be truncated or incomplete.
#
#  Out of Memory Error (gcTaskThread.cpp:48), pid=17548, tid=0x00007f20d6525700
#
# JRE version:  (8.0_121-b13) (build )
# Java VM: OpenJDK 64-Bit Server VM (25.121-b13 mixed mode linux-amd64 compressed oops)
# Failed to write core dump. Core dumps have been disabled. To enable core dumping, try "ulimit -c unlimited" before starting Java again
#

---------------  T H R E A D  ---------------

Current thread (0x00007f20cc00c000):  JavaThread "Unknown thread" [_thread_in_vm, id=17555, stack(0x00007f20d6425000,0x00007f20d6526000)]

Stack: [0x00007f20d6425000,0x00007f20d6526000],  sp=0x00007f20d6524790,  free space=1021k
Native frames: (J=compiled Java code, j=interpreted, Vv=VM code, C=native code)
V  [libjvm.so+0xa1420d]
V  [libjvm.so+0x4c715a]
V  [libjvm.so+0x59478f]
V  [libjvm.so+0x593957]
V  [libjvm.so+0x899084]
V  [libjvm.so+0x9de509]
V  [libjvm.so+0x9de712]
V  [libjvm.so+0x5f2b85]
V  [libjvm.so+0x9c1e1e]
V  [libjvm.so+0x665acf]  JNI_CreateJavaVM+0x5f
C  [libjli.so+0x3057]
C  [libpthread.so.0+0x7dc5]  start_thread+0xc5


---------------  P R O C E S S  ---------------

Java Threads: ( => current thread )

Other Threads:

=>0x00007f20cc00c000 (exited) JavaThread "Unknown thread" [_thread_in_vm, id=17555, stack(0x00007f20d6425000,0x00007f20d6526000)]

VM state:not at safepoint (not fully initialized)

VM Mutex/Monitor currently owned by a thread: None

GC Heap History (0 events):
No events

Deoptimization events (0 events):
No events

Internal exceptions (0 events):
No events

Events (0 events):
No events


Dynamic libraries:
00400000-00401000 r-xp 00000000 08:02 5253364                            /usr/lib/jvm/java-1.8.0-openjdk-1.8.0.121-0.b13.el7_3.x86_64/bin/java
00600000-00601000 r--p 00000000 08:02 5253364                            /usr/lib/jvm/java-1.8.0-openjdk-1.8.0.121-0.b13.el7_3.x86_64/bin/java
00601000-00602000 rw-p 00001000 08:02 5253364                            /usr/lib/jvm/java-1.8.0-openjdk-1.8.0.121-0.b13.el7_3.x86_64/bin/java
00853000-00874000 rw-p 00000000 00:00 0                                  [heap]
5cb200000-5e0100000 rw-p 00000000 00:00 0 
5e0100000-719100000 ---p 00000000 00:00 0 
719100000-723800000 rw-p 00000000 00:00 0 
723800000-7c0000000 ---p 00000000 00:00 0 
7f20b6ad7000-7f20b6d47000 rwxp 00000000 00:00 0 
7f20b6d47000-7f20c5ad7000 ---p 00000000 00:00 0 
7f20c5ad7000-7f20cc000000 r--p 00000000 08:02 3682555                    /usr/lib/locale/locale-archive
7f20cc000000-7f20cc037000 rw-p 00000000 00:00 0 
7f20cc037000-7f20d0000000 ---p 00000000 00:00 0 
7f20d1073000-7f20d1074000 ---p 00000000 00:00 0 
7f20d1074000-7f20d121c000 rw-p 00000000 00:00 0 
7f20d121c000-7f20d1be4000 ---p 00000000 00:00 0 
7f20d1be4000-7f20d1c8c000 rw-p 00000000 00:00 0 
7f20d1c8c000-7f20d2653000 ---p 00000000 00:00 0 
7f20d2653000-7f20d26a7000 rw-p 00000000 00:00 0 
7f20d26a7000-7f20d2b8b000 ---p 00000000 00:00 0 
7f20d2b8b000-7f20d2b96000 rw-p 00000000 00:00 0 
7f20d2b96000-7f20d2f4c000 ---p 00000000 00:00 0 
7f20d2f4c000-7f20d2f54000 r-xp 00000000 08:02 5253325                    /usr/lib/jvm/java-1.8.0-openjdk-1.8.0.121-0.b13.el7_3.x86_64/jre/lib/amd64/libzip.so
7f20d2f54000-7f20d3153000 ---p 00008000 08:02 5253325                    /usr/lib/jvm/java-1.8.0-openjdk-1.8.0.121-0.b13.el7_3.x86_64/jre/lib/amd64/libzip.so
7f20d3153000-7f20d3154000 r--p 00007000 08:02 5253325                    /usr/lib/jvm/java-1.8.0-openjdk-1.8.0.121-0.b13.el7_3.x86_64/jre/lib/amd64/libzip.so
7f20d3154000-7f20d3155000 rw-p 00008000 08:02 5253325                    /usr/lib/jvm/java-1.8.0-openjdk-1.8.0.121-0.b13.el7_3.x86_64/jre/lib/amd64/libzip.so
7f20d3155000-7f20d3161000 r-xp 00000000 08:02 3423332                    /usr/lib64/libnss_ldap.so.2
7f20d3161000-7f20d3360000 ---p 0000c000 08:02 3423332                    /usr/lib64/libnss_ldap.so.2
7f20d3360000-7f20d3361000 r--p 0000b000 08:02 3423332                    /usr/lib64/libnss_ldap.so.2
7f20d3361000-7f20d3362000 rw-p 0000c000 08:02 3423332                    /usr/lib64/libnss_ldap.so.2
7f20d3362000-7f20d336e000 r-xp 00000000 08:02 3413605                    /usr/lib64/libnss_files-2.17.so
7f20d336e000-7f20d356d000 ---p 0000c000 08:02 3413605                    /usr/lib64/libnss_files-2.17.so
7f20d356d000-7f20d356e000 r--p 0000b000 08:02 3413605                    /usr/lib64/libnss_files-2.17.so
7f20d356e000-7f20d356f000 rw-p 0000c000 08:02 3413605                    /usr/lib64/libnss_files-2.17.so
7f20d356f000-7f20d3575000 rw-p 00000000 00:00 0 
7f20d3575000-7f20d3577000 r-xp 00000000 08:02 5253319                    /usr/lib/jvm/java-1.8.0-openjdk-1.8.0.121-0.b13.el7_3.x86_64/jre/lib/amd64/libnpt.so
7f20d3577000-7f20d3777000 ---p 00002000 08:02 5253319                    /usr/lib/jvm/java-1.8.0-openjdk-1.8.0.121-0.b13.el7_3.x86_64/jre/lib/amd64/libnpt.so
7f20d3777000-7f20d3778000 r--p 00002000 08:02 5253319                    /usr/lib/jvm/java-1.8.0-openjdk-1.8.0.121-0.b13.el7_3.x86_64/jre/lib/amd64/libnpt.so
7f20d3778000-7f20d3779000 rw-p 00003000 08:02 5253319                    /usr/lib/jvm/java-1.8.0-openjdk-1.8.0.121-0.b13.el7_3.x86_64/jre/lib/amd64/libnpt.so
7f20d3779000-7f20d37b4000 r-xp 00000000 08:02 5253310                    /usr/lib/jvm/java-1.8.0-openjdk-1.8.0.121-0.b13.el7_3.x86_64/jre/lib/amd64/libjdwp.so
7f20d37b4000-7f20d39b3000 ---p 0003b000 08:02 5253310                    /usr/lib/jvm/java-1.8.0-openjdk-1.8.0.121-0.b13.el7_3.x86_64/jre/lib/amd64/libjdwp.so
7f20d39b3000-7f20d39b4000 r--p 0003a000 08:02 5253310                    /usr/lib/jvm/java-1.8.0-openjdk-1.8.0.121-0.b13.el7_3.x86_64/jre/lib/amd64/libjdwp.so
7f20d39b4000-7f20d39b5000 rw-p 0003b000 08:02 5253310                    /usr/lib/jvm/java-1.8.0-openjdk-1.8.0.121-0.b13.el7_3.x86_64/jre/lib/amd64/libjdwp.so
7f20d39b5000-7f20d39e2000 r-xp 00000000 08:02 5253307                    /usr/lib/jvm/java-1.8.0-openjdk-1.8.0.121-0.b13.el7_3.x86_64/jre/lib/amd64/libjava.so
7f20d39e2000-7f20d3be2000 ---p 0002d000 08:02 5253307                    /usr/lib/jvm/java-1.8.0-openjdk-1.8.0.121-0.b13.el7_3.x86_64/jre/lib/amd64/libjava.so
7f20d3be2000-7f20d3be3000 r--p 0002d000 08:02 5253307                    /usr/lib/jvm/java-1.8.0-openjdk-1.8.0.121-0.b13.el7_3.x86_64/jre/lib/amd64/libjava.so
7f20d3be3000-7f20d3be5000 rw-p 0002e000 08:02 5253307                    /usr/lib/jvm/java-1.8.0-openjdk-1.8.0.121-0.b13.el7_3.x86_64/jre/lib/amd64/libjava.so
7f20d3be5000-7f20d3bf2000 r-xp 00000000 08:02 5253324                    /usr/lib/jvm/java-1.8.0-openjdk-1.8.0.121-0.b13.el7_3.x86_64/jre/lib/amd64/libverify.so
7f20d3bf2000-7f20d3df1000 ---p 0000d000 08:02 5253324                    /usr/lib/jvm/java-1.8.0-openjdk-1.8.0.121-0.b13.el7_3.x86_64/jre/lib/amd64/libverify.so
7f20d3df1000-7f20d3df3000 r--p 0000c000 08:02 5253324                    /usr/lib/jvm/java-1.8.0-openjdk-1.8.0.121-0.b13.el7_3.x86_64/jre/lib/amd64/libverify.so
7f20d3df3000-7f20d3df4000 rw-p 0000e000 08:02 5253324                    /usr/lib/jvm/java-1.8.0-openjdk-1.8.0.121-0.b13.el7_3.x86_64/jre/lib/amd64/libverify.so
7f20d3df4000-7f20d3dfb000 r-xp 00000000 08:02 3413608                    /usr/lib64/librt-2.17.so
7f20d3dfb000-7f20d3ffa000 ---p 00007000 08:02 3413608                    /usr/lib64/librt-2.17.so
7f20d3ffa000-7f20d3ffb000 r--p 00006000 08:02 3413608                    /usr/lib64/librt-2.17.so
7f20d3ffb000-7f20d3ffc000 rw-p 00007000 08:02 3413608                    /usr/lib64/librt-2.17.so
7f20d3ffc000-7f20d4011000 r-xp 00000000 08:02 3415330                    /usr/lib64/libgcc_s-4.8.5-20150702.so.1
7f20d4011000-7f20d4210000 ---p 00015000 08:02 3415330                    /usr/lib64/libgcc_s-4.8.5-20150702.so.1
7f20d4210000-7f20d4211000 r--p 00014000 08:02 3415330                    /usr/lib64/libgcc_s-4.8.5-20150702.so.1
7f20d4211000-7f20d4212000 rw-p 00015000 08:02 3415330                    /usr/lib64/libgcc_s-4.8.5-20150702.so.1
7f20d4212000-7f20d4312000 r-xp 00000000 08:02 3413603                    /usr/lib64/libm-2.17.so
7f20d4312000-7f20d4512000 ---p 00100000 08:02 3413603                    /usr/lib64/libm-2.17.so
7f20d4512000-7f20d4513000 r--p 00100000 08:02 3413603                    /usr/lib64/libm-2.17.so
7f20d4513000-7f20d4514000 rw-p 00101000 08:02 3413603                    /usr/lib64/libm-2.17.so
7f20d4514000-7f20d45fd000 r-xp 00000000 08:02 3408513                    /usr/lib64/libstdc++.so.6.0.19
7f20d45fd000-7f20d47fd000 ---p 000e9000 08:02 3408513                    /usr/lib64/libstdc++.so.6.0.19
7f20d47fd000-7f20d4806000 r--p 000e9000 08:02 3408513                    /usr/lib64/libstdc++.so.6.0.19
7f20d4806000-7f20d4808000 rw-p 000f2000 08:02 3408513                    /usr/lib64/libstdc++.so.6.0.19
7f20d4808000-7f20d481d000 rw-p 00000000 00:00 0 
7f20d481d000-7f20d542e000 r-xp 00000000 08:02 5253329                    /usr/lib/jvm/java-1.8.0-openjdk-1.8.0.121-0.b13.el7_3.x86_64/jre/lib/amd64/server/libjvm.so
7f20d542e000-7f20d562d000 ---p 00c11000 08:02 5253329                    /usr/lib/jvm/java-1.8.0-openjdk-1.8.0.121-0.b13.el7_3.x86_64/jre/lib/amd64/server/libjvm.so
7f20d562d000-7f20d56cc000 r--p 00c10000 08:02 5253329                    /usr/lib/jvm/java-1.8.0-openjdk-1.8.0.121-0.b13.el7_3.x86_64/jre/lib/amd64/server/libjvm.so
7f20d56cc000-7f20d56f5000 rw-p 00caf000 08:02 5253329                    /usr/lib/jvm/java-1.8.0-openjdk-1.8.0.121-0.b13.el7_3.x86_64/jre/lib/amd64/server/libjvm.so
7f20d56f5000-7f20d5727000 rw-p 00000000 00:00 0 
7f20d5727000-7f20d58dd000 r-xp 00000000 08:02 3408466                    /usr/lib64/libc-2.17.so
7f20d58dd000-7f20d5add000 ---p 001b6000 08:02 3408466                    /usr/lib64/libc-2.17.so
7f20d5add000-7f20d5ae1000 r--p 001b6000 08:02 3408466                    /usr/lib64/libc-2.17.so
7f20d5ae1000-7f20d5ae3000 rw-p 001ba000 08:02 3408466                    /usr/lib64/libc-2.17.so
7f20d5ae3000-7f20d5ae8000 rw-p 00000000 00:00 0 
7f20d5ae8000-7f20d5aea000 r-xp 00000000 08:02 3413602                    /usr/lib64/libdl-2.17.so
7f20d5aea000-7f20d5cea000 ---p 00002000 08:02 3413602                    /usr/lib64/libdl-2.17.so
7f20d5cea000-7f20d5ceb000 r--p 00002000 08:02 3413602                    /usr/lib64/libdl-2.17.so
7f20d5ceb000-7f20d5cec000 rw-p 00003000 08:02 3413602                    /usr/lib64/libdl-2.17.so
7f20d5cec000-7f20d5cfa000 r-xp 00000000 08:02 5253413                    /usr/lib/jvm/java-1.8.0-openjdk-1.8.0.121-0.b13.el7_3.x86_64/lib/amd64/jli/libjli.so
7f20d5cfa000-7f20d5ef9000 ---p 0000e000 08:02 5253413                    /usr/lib/jvm/java-1.8.0-openjdk-1.8.0.121-0.b13.el7_3.x86_64/lib/amd64/jli/libjli.so
7f20d5ef9000-7f20d5efa000 r--p 0000d000 08:02 5253413                    /usr/lib/jvm/java-1.8.0-openjdk-1.8.0.121-0.b13.el7_3.x86_64/lib/amd64/jli/libjli.so
7f20d5efa000-7f20d5efb000 rw-p 0000e000 08:02 5253413                    /usr/lib/jvm/java-1.8.0-openjdk-1.8.0.121-0.b13.el7_3.x86_64/lib/amd64/jli/libjli.so
7f20d5efb000-7f20d5f10000 r-xp 00000000 08:02 3408643                    /usr/lib64/libz.so.1.2.7
7f20d5f10000-7f20d610f000 ---p 00015000 08:02 3408643                    /usr/lib64/libz.so.1.2.7
7f20d610f000-7f20d6110000 r--p 00014000 08:02 3408643                    /usr/lib64/libz.so.1.2.7
7f20d6110000-7f20d6111000 rw-p 00015000 08:02 3408643                    /usr/lib64/libz.so.1.2.7
7f20d6111000-7f20d6128000 r-xp 00000000 08:02 3408492                    /usr/lib64/libpthread-2.17.so
7f20d6128000-7f20d6327000 ---p 00017000 08:02 3408492                    /usr/lib64/libpthread-2.17.so
7f20d6327000-7f20d6328000 r--p 00016000 08:02 3408492                    /usr/lib64/libpthread-2.17.so
7f20d6328000-7f20d6329000 rw-p 00017000 08:02 3408492                    /usr/lib64/libpthread-2.17.so
7f20d6329000-7f20d632d000 rw-p 00000000 00:00 0 
7f20d632d000-7f20d634d000 r-xp 00000000 08:02 3408459                    /usr/lib64/ld-2.17.so
7f20d6425000-7f20d6428000 ---p 00000000 00:00 0 
7f20d6428000-7f20d652b000 rw-p 00000000 00:00 0                          [stack:17555]
7f20d653e000-7f20d6541000 rw-p 00000000 00:00 0 
7f20d6541000-7f20d6549000 rw-s 00000000 00:23 51294280                   /tmp/hsperfdata_josephd/17548
7f20d6549000-7f20d654a000 rw-p 00000000 00:00 0 
7f20d654a000-7f20d654b000 r--p 00000000 00:00 0 
7f20d654b000-7f20d654c000 rw-p 00000000 00:00 0 
7f20d654c000-7f20d654d000 r--p 0001f000 08:02 3408459                    /usr/lib64/ld-2.17.so
7f20d654d000-7f20d654e000 rw-p 00020000 08:02 3408459                    /usr/lib64/ld-2.17.so
7f20d654e000-7f20d654f000 rw-p 00000000 00:00 0 
7ffe09560000-7ffe09581000 rw-p 00000000 00:00 0                          [stack]
7ffe095ae000-7ffe095b0000 r-xp 00000000 00:00 0                          [vdso]
ffffffffff600000-ffffffffff601000 r-xp 00000000 00:00 0                  [vsyscall]

VM Arguments:
jvm_args: -agentlib:jdwp=transport=dt_socket,suspend=y,address=localhost:42585 -Dfile.encoding=UTF-8 
java_command: airbnb.Application
java_class_path (initial): /home/josephd/workspace/airbnb/bin:/home/josephd/workspace/airbnb/mysql.jar
Launcher Type: SUN_STANDARD

Environment Variables:
PATH=/usr/lib64/qt-3.3/bin:/usr/local/bin:/usr/bin:/bin:/usr/local/sbin:/usr/sbin
SHELL=/bin/tcsh
DISPLAY=:0
HOSTTYPE=x86_64-linux
OSTYPE=linux
MACHTYPE=x86_64

Signal Handlers:
SIGSEGV: [libjvm.so+0xa14d20], sa_mask[0]=11111111011111111101111111111110, sa_flags=SA_RESTART|SA_SIGINFO
SIGBUS: [libjvm.so+0xa14d20], sa_mask[0]=11111111011111111101111111111110, sa_flags=SA_RESTART|SA_SIGINFO
SIGFPE: [libjvm.so+0x8701b0], sa_mask[0]=11111111011111111101111111111110, sa_flags=SA_RESTART|SA_SIGINFO
SIGPIPE: [libjvm.so+0x8701b0], sa_mask[0]=11111111011111111101111111111110, sa_flags=SA_RESTART|SA_SIGINFO
SIGXFSZ: [libjvm.so+0x8701b0], sa_mask[0]=11111111011111111101111111111110, sa_flags=SA_RESTART|SA_SIGINFO
SIGILL: [libjvm.so+0x8701b0], sa_mask[0]=11111111011111111101111111111110, sa_flags=SA_RESTART|SA_SIGINFO
SIGUSR1: SIG_DFL, sa_mask[0]=00000000000000000000000000000000, sa_flags=none
SIGUSR2: [libjvm.so+0x870060], sa_mask[0]=00100000000000000000000000000000, sa_flags=SA_RESTART|SA_SIGINFO
SIGHUP: SIG_DFL, sa_mask[0]=00000000000000000000000000000000, sa_flags=none
SIGINT: SIG_DFL, sa_mask[0]=00000000000000000000000000000000, sa_flags=none
SIGTERM: SIG_DFL, sa_mask[0]=00000000000000000000000000000000, sa_flags=none
SIGQUIT: SIG_DFL, sa_mask[0]=00000000000000000000000000000000, sa_flags=none


---------------  S Y S T E M  ---------------

OS:CentOS Linux release 7.3.1611 (Core) 

uname:Linux 3.10.0-514.10.2.el7.x86_64 #1 SMP Fri Mar 3 00:04:05 UTC 2017 x86_64
libc:glibc 2.17 NPTL 2.17 
rlimit: STACK 8192k, CORE 0k, NPROC 500, NOFILE 4096, AS infinity
load average:0.02 0.13 0.20

/proc/meminfo:
MemTotal:       32822776 kB
MemFree:        20436548 kB
MemAvailable:   28061488 kB
Buffers:          269304 kB
Cached:          7678896 kB
SwapCached:            0 kB
Active:          5971316 kB
Inactive:        5376808 kB
Active(anon):    3429608 kB
Inactive(anon):   436596 kB
Active(file):    2541708 kB
Inactive(file):  4940212 kB
Unevictable:         124 kB
Mlocked:             124 kB
SwapTotal:       5242876 kB
SwapFree:        5242876 kB
Dirty:                 4 kB
Writeback:             0 kB
AnonPages:       3400108 kB
Mapped:           421284 kB
Shmem:            466288 kB
Slab:             627516 kB
SReclaimable:     544880 kB
SUnreclaim:        82636 kB
KernelStack:       20240 kB
PageTables:        84812 kB
NFS_Unstable:          0 kB
Bounce:                0 kB
WritebackTmp:          0 kB
CommitLimit:    21654264 kB
Committed_AS:   15484752 kB
VmallocTotal:   34359738367 kB
VmallocUsed:      436616 kB
VmallocChunk:   34358947836 kB
HardwareCorrupted:     0 kB
AnonHugePages:   1169408 kB
HugePages_Total:       0
HugePages_Free:        0
HugePages_Rsvd:        0
HugePages_Surp:        0
Hugepagesize:       2048 kB
DirectMap4k:     1331104 kB
DirectMap2M:    17418240 kB
DirectMap1G:    14680064 kB


CPU:total 8 (4 cores per cpu, 2 threads per core) family 6 model 60 stepping 3, cmov, cx8, fxsr, mmx, sse, sse2, sse3, ssse3, sse4.1, sse4.2, popcnt, avx, avx2, aes, clmul, erms, lzcnt, ht, tsc, tscinvbit, bmi1, bmi2

/proc/cpuinfo:
processor	: 0
vendor_id	: GenuineIntel
cpu family	: 6
model		: 60
model name	: Intel(R) Core(TM) i7-4790 CPU @ 3.60GHz
stepping	: 3
microcode	: 0x20
cpu MHz		: 3975.468
cache size	: 8192 KB
physical id	: 0
siblings	: 8
core id		: 0
cpu cores	: 4
apicid		: 0
initial apicid	: 0
fpu		: yes
fpu_exception	: yes
cpuid level	: 13
wp		: yes
flags		: fpu vme de pse tsc msr pae mce cx8 apic sep mtrr pge mca cmov pat pse36 clflush dts acpi mmx fxsr sse sse2 ss ht tm pbe syscall nx pdpe1gb rdtscp lm constant_tsc arch_perfmon pebs bts rep_good nopl xtopology nonstop_tsc aperfmperf eagerfpu pni pclmulqdq dtes64 monitor ds_cpl vmx smx est tm2 ssse3 fma cx16 xtpr pdcm pcid sse4_1 sse4_2 x2apic movbe popcnt tsc_deadline_timer aes xsave avx f16c rdrand lahf_lm abm ida arat epb pln pts dtherm tpr_shadow vnmi flexpriority ept vpid fsgsbase tsc_adjust bmi1 avx2 smep bmi2 erms invpcid xsaveopt
bogomips	: 7199.71
clflush size	: 64
cache_alignment	: 64
address sizes	: 39 bits physical, 48 bits virtual
power management:

processor	: 1
vendor_id	: GenuineIntel
cpu family	: 6
model		: 60
model name	: Intel(R) Core(TM) i7-4790 CPU @ 3.60GHz
stepping	: 3
microcode	: 0x20
cpu MHz		: 3903.890
cache size	: 8192 KB
physical id	: 0
siblings	: 8
core id		: 1
cpu cores	: 4
apicid		: 2
initial apicid	: 2
fpu		: yes
fpu_exception	: yes
cpuid level	: 13
wp		: yes
flags		: fpu vme de pse tsc msr pae mce cx8 apic sep mtrr pge mca cmov pat pse36 clflush dts acpi mmx fxsr sse sse2 ss ht tm pbe syscall nx pdpe1gb rdtscp lm constant_tsc arch_perfmon pebs bts rep_good nopl xtopology nonstop_tsc aperfmperf eagerfpu pni pclmulqdq dtes64 monitor ds_cpl vmx smx est tm2 ssse3 fma cx16 xtpr pdcm pcid sse4_1 sse4_2 x2apic movbe popcnt tsc_deadline_timer aes xsave avx f16c rdrand lahf_lm abm ida arat epb pln pts dtherm tpr_shadow vnmi flexpriority ept vpid fsgsbase tsc_adjust bmi1 avx2 smep bmi2 erms invpcid xsaveopt
bogomips	: 7199.71
clflush size	: 64
cache_alignment	: 64
address sizes	: 39 bits physical, 48 bits virtual
power management:

processor	: 2
vendor_id	: GenuineIntel
cpu family	: 6
model		: 60
model name	: Intel(R) Core(TM) i7-4790 CPU @ 3.60GHz
stepping	: 3
microcode	: 0x20
cpu MHz		: 3886.312
cache size	: 8192 KB
physical id	: 0
siblings	: 8
core id		: 2
cpu cores	: 4
apicid		: 4
initial apicid	: 4
fpu		: yes
fpu_exception	: yes
cpuid level	: 13
wp		: yes
flags		: fpu vme de pse tsc msr pae mce cx8 apic sep mtrr pge mca cmov pat pse36 clflush dts acpi mmx fxsr sse sse2 ss ht tm pbe syscall nx pdpe1gb rdtscp lm constant_tsc arch_perfmon pebs bts rep_good nopl xtopology nonstop_tsc aperfmperf eagerfpu pni pclmulqdq dtes64 monitor ds_cpl vmx smx est tm2 ssse3 fma cx16 xtpr pdcm pcid sse4_1 sse4_2 x2apic movbe popcnt tsc_deadline_timer aes xsave avx f16c rdrand lahf_lm abm ida arat epb pln pts dtherm tpr_shadow vnmi flexpriority ept vpid fsgsbase tsc_adjust bmi1 avx2 smep bmi2 erms invpcid xsaveopt
bogomips	: 7199.71
clflush size	: 64
cache_alignment	: 64
address sizes	: 39 bits physical, 48 bits virtual
power management:

processor	: 3
vendor_id	: GenuineIntel
cpu family	: 6
model		: 60
model name	: Intel(R) Core(TM) i7-4790 CPU @ 3.60GHz
stepping	: 3
microcode	: 0x20
cpu MHz		: 3980.390
cache size	: 8192 KB
physical id	: 0
siblings	: 8
core id		: 3
cpu cores	: 4
apicid		: 6
initial apicid	: 6
fpu		: yes
fpu_exception	: yes
cpuid level	: 13
wp		: yes
flags		: fpu vme de pse tsc msr pae mce cx8 apic sep mtrr pge mca cmov pat pse36 clflush dts acpi mmx fxsr sse sse2 ss ht tm pbe syscall nx pdpe1gb rdtscp lm constant_tsc arch_perfmon pebs bts rep_good nopl xtopology nonstop_tsc aperfmperf eagerfpu pni pclmulqdq dtes64 monitor ds_cpl vmx smx est tm2 ssse3 fma cx16 xtpr pdcm pcid sse4_1 sse4_2 x2apic movbe popcnt tsc_deadline_timer aes xsave avx f16c rdrand lahf_lm abm ida arat epb pln pts dtherm tpr_shadow vnmi flexpriority ept vpid fsgsbase tsc_adjust bmi1 avx2 smep bmi2 erms invpcid xsaveopt
bogomips	: 7199.71
clflush size	: 64
cache_alignment	: 64
address sizes	: 39 bits physical, 48 bits virtual
power management:

processor	: 4
vendor_id	: GenuineIntel
cpu family	: 6
model		: 60
model name	: Intel(R) Core(TM) i7-4790 CPU @ 3.60GHz
stepping	: 3
microcode	: 0x20
cpu MHz		: 3862.265
cache size	: 8192 KB
physical id	: 0
siblings	: 8
core id		: 0
cpu cores	: 4
apicid		: 1
initial apicid	: 1
fpu		: yes
fpu_exception	: yes
cpuid level	: 13
wp		: yes
flags		: fpu vme de pse tsc msr pae mce cx8 apic sep mtrr pge mca cmov pat pse36 clflush dts acpi mmx fxsr sse sse2 ss ht tm pbe syscall nx pdpe1gb rdtscp lm constant_tsc arch_perfmon pebs bts rep_good nopl xtopology nonstop_tsc aperfmperf eagerfpu pni pclmulqdq dtes64 monitor ds_cpl vmx smx est tm2 ssse3 fma cx16 xtpr pdcm pcid sse4_1 sse4_2 x2apic movbe popcnt tsc_deadline_timer aes xsave avx f16c rdrand lahf_lm abm ida arat epb pln pts dtherm tpr_shadow vnmi flexpriority ept vpid fsgsbase tsc_adjust bmi1 avx2 smep bmi2 erms invpcid xsaveopt
bogomips	: 7199.71
clflush size	: 64
cache_alignment	: 64
address sizes	: 39 bits physical, 48 bits virtual
power management:

processor	: 5
vendor_id	: GenuineIntel
cpu family	: 6
model		: 60
model name	: Intel(R) Core(TM) i7-4790 CPU @ 3.60GHz
stepping	: 3
microcode	: 0x20
cpu MHz		: 3724.031
cache size	: 8192 KB
physical id	: 0
siblings	: 8
core id		: 1
cpu cores	: 4
apicid		: 3
initial apicid	: 3
fpu		: yes
fpu_exception	: yes
cpuid level	: 13
wp		: yes
flags		: fpu vme de pse tsc msr pae mce cx8 apic sep mtrr pge mca cmov pat pse36 clflush dts acpi mmx fxsr sse sse2 ss ht tm pbe syscall nx pdpe1gb rdtscp lm constant_tsc arch_perfmon pebs bts rep_good nopl xtopology nonstop_tsc aperfmperf eagerfpu pni pclmulqdq dtes64 monitor ds_cpl vmx smx est tm2 ssse3 fma cx16 xtpr pdcm pcid sse4_1 sse4_2 x2apic movbe popcnt tsc_deadline_timer aes xsave avx f16c rdrand lahf_lm abm ida arat epb pln pts dtherm tpr_shadow vnmi flexpriority ept vpid fsgsbase tsc_adjust bmi1 avx2 smep bmi2 erms invpcid xsaveopt
bogomips	: 7199.71
clflush size	: 64
cache_alignment	: 64
address sizes	: 39 bits physical, 48 bits virtual
power management:

processor	: 6
vendor_id	: GenuineIntel
cpu family	: 6
model		: 60
model name	: Intel(R) Core(TM) i7-4790 CPU @ 3.60GHz
stepping	: 3
microcode	: 0x20
cpu MHz		: 3997.828
cache size	: 8192 KB
physical id	: 0
siblings	: 8
core id		: 2
cpu cores	: 4
apicid		: 5
initial apicid	: 5
fpu		: yes
fpu_exception	: yes
cpuid level	: 13
wp		: yes
flags		: fpu vme de pse tsc msr pae mce cx8 apic sep mtrr pge mca cmov pat pse36 clflush dts acpi mmx fxsr sse sse2 ss ht tm pbe syscall nx pdpe1gb rdtscp lm constant_tsc arch_perfmon pebs bts rep_good nopl xtopology nonstop_tsc aperfmperf eagerfpu pni pclmulqdq dtes64 monitor ds_cpl vmx smx est tm2 ssse3 fma cx16 xtpr pdcm pcid sse4_1 sse4_2 x2apic movbe popcnt tsc_deadline_timer aes xsave avx f16c rdrand lahf_lm abm ida arat epb pln pts dtherm tpr_shadow vnmi flexpriority ept vpid fsgsbase tsc_adjust bmi1 avx2 smep bmi2 erms invpcid xsaveopt
bogomips	: 7199.71
clflush size	: 64
cache_alignment	: 64
address sizes	: 39 bits physical, 48 bits virtual
power management:

processor	: 7
vendor_id	: GenuineIntel
cpu family	: 6
model		: 60
model name	: Intel(R) Core(TM) i7-4790 CPU @ 3.60GHz
stepping	: 3
microcode	: 0x20
cpu MHz		: 3983.203
cache size	: 8192 KB
physical id	: 0
siblings	: 8
core id		: 3
cpu cores	: 4
apicid		: 7
initial apicid	: 7
fpu		: yes
fpu_exception	: yes
cpuid level	: 13
wp		: yes
flags		: fpu vme de pse tsc msr pae mce cx8 apic sep mtrr pge mca cmov pat pse36 clflush dts acpi mmx fxsr sse sse2 ss ht tm pbe syscall nx pdpe1gb rdtscp lm constant_tsc arch_perfmon pebs bts rep_good nopl xtopology nonstop_tsc aperfmperf eagerfpu pni pclmulqdq dtes64 monitor ds_cpl vmx smx est tm2 ssse3 fma cx16 xtpr pdcm pcid sse4_1 sse4_2 x2apic movbe popcnt tsc_deadline_timer aes xsave avx f16c rdrand lahf_lm abm ida arat epb pln pts dtherm tpr_shadow vnmi flexpriority ept vpid fsgsbase tsc_adjust bmi1 avx2 smep bmi2 erms invpcid xsaveopt
bogomips	: 7199.71
clflush size	: 64
cache_alignment	: 64
address sizes	: 39 bits physical, 48 bits virtual
power management:



Memory: 4k page, physical 32822776k(20436548k free), swap 5242876k(5242876k free)

vm_info: OpenJDK 64-Bit Server VM (25.121-b13) for linux-amd64 JRE (1.8.0_121-b13), built on Jan 20 2017 16:56:20 by "mockbuild" with gcc 4.8.5 20150623 (Red Hat 4.8.5-11)

time: Sat Mar 25 17:11:06 2017
elapsed time: 0 seconds (0d 0h 0m 0s)

