#
# There is insufficient memory for the Java Runtime Environment to continue.
# Cannot create GC thread. Out of system resources.
# Possible reasons:
#   The system is out of physical RAM or swap space
#   In 32 bit mode, the process size limit was hit
# Possible solutions:
#   Reduce memory load on the system
#   Increase physical memory or swap space
#   Check if swap backing store is full
#   Use 64 bit Java on a 64 bit OS
#   Decrease Java heap size (-Xmx/-Xms)
#   Decrease number of Java threads
#   Decrease Java thread stack sizes (-Xss)
#   Set larger code cache with -XX:ReservedCodeCacheSize=
# This output file may be truncated or incomplete.
#
#  Out of Memory Error (gcTaskThread.cpp:48), pid=17539, tid=0x00007fb5fcea0700
#
# JRE version:  (8.0_121-b13) (build )
# Java VM: OpenJDK 64-Bit Server VM (25.121-b13 mixed mode linux-amd64 compressed oops)
# Failed to write core dump. Core dumps have been disabled. To enable core dumping, try "ulimit -c unlimited" before starting Java again
#

---------------  T H R E A D  ---------------

Current thread (0x00007fb5f400c000):  JavaThread "Unknown thread" [_thread_in_vm, id=17546, stack(0x00007fb5fcda0000,0x00007fb5fcea1000)]

Stack: [0x00007fb5fcda0000,0x00007fb5fcea1000],  sp=0x00007fb5fce9f790,  free space=1021k
Native frames: (J=compiled Java code, j=interpreted, Vv=VM code, C=native code)
V  [libjvm.so+0xa1420d]
V  [libjvm.so+0x4c715a]
V  [libjvm.so+0x59478f]
V  [libjvm.so+0x593957]
V  [libjvm.so+0x899084]
V  [libjvm.so+0x9de509]
V  [libjvm.so+0x9de712]
V  [libjvm.so+0x5f2b85]
V  [libjvm.so+0x9c1e1e]
V  [libjvm.so+0x665acf]  JNI_CreateJavaVM+0x5f
C  [libjli.so+0x3057]
C  [libpthread.so.0+0x7dc5]  start_thread+0xc5


---------------  P R O C E S S  ---------------

Java Threads: ( => current thread )

Other Threads:

=>0x00007fb5f400c000 (exited) JavaThread "Unknown thread" [_thread_in_vm, id=17546, stack(0x00007fb5fcda0000,0x00007fb5fcea1000)]

VM state:not at safepoint (not fully initialized)

VM Mutex/Monitor currently owned by a thread: None

GC Heap History (0 events):
No events

Deoptimization events (0 events):
No events

Internal exceptions (0 events):
No events

Events (0 events):
No events


Dynamic libraries:
00400000-00401000 r-xp 00000000 08:02 5253364                            /usr/lib/jvm/java-1.8.0-openjdk-1.8.0.121-0.b13.el7_3.x86_64/bin/java
00600000-00601000 r--p 00000000 08:02 5253364                            /usr/lib/jvm/java-1.8.0-openjdk-1.8.0.121-0.b13.el7_3.x86_64/bin/java
00601000-00602000 rw-p 00001000 08:02 5253364                            /usr/lib/jvm/java-1.8.0-openjdk-1.8.0.121-0.b13.el7_3.x86_64/bin/java
0072c000-0074d000 rw-p 00000000 00:00 0                                  [heap]
5cb200000-5e0100000 rw-p 00000000 00:00 0 
5e0100000-719100000 ---p 00000000 00:00 0 
719100000-723800000 rw-p 00000000 00:00 0 
723800000-7c0000000 ---p 00000000 00:00 0 
7fb5de067000-7fb5de10f000 rw-p 00000000 00:00 0 
7fb5de10f000-7fb5dead7000 ---p 00000000 00:00 0 
7fb5dead7000-7fb5ded47000 rwxp 00000000 00:00 0 
7fb5ded47000-7fb5edad7000 ---p 00000000 00:00 0 
7fb5edad7000-7fb5f4000000 r--p 00000000 08:02 3682555                    /usr/lib/locale/locale-archive
7fb5f4000000-7fb5f4039000 rw-p 00000000 00:00 0 
7fb5f4039000-7fb5f8000000 ---p 00000000 00:00 0 
7fb5f835d000-7fb5f835e000 ---p 00000000 00:00 0 
7fb5f835e000-7fb5f845e000 rw-p 00000000 00:00 0 
7fb5f845e000-7fb5f845f000 ---p 00000000 00:00 0 
7fb5f845f000-7fb5f8607000 rw-p 00000000 00:00 0                          [stack:17547]
7fb5f8607000-7fb5f8fce000 ---p 00000000 00:00 0 
7fb5f8fce000-7fb5f9022000 rw-p 00000000 00:00 0 
7fb5f9022000-7fb5f9506000 ---p 00000000 00:00 0 
7fb5f9506000-7fb5f9511000 rw-p 00000000 00:00 0 
7fb5f9511000-7fb5f98c7000 ---p 00000000 00:00 0 
7fb5f98c7000-7fb5f98cf000 r-xp 00000000 08:02 5253325                    /usr/lib/jvm/java-1.8.0-openjdk-1.8.0.121-0.b13.el7_3.x86_64/jre/lib/amd64/libzip.so
7fb5f98cf000-7fb5f9ace000 ---p 00008000 08:02 5253325                    /usr/lib/jvm/java-1.8.0-openjdk-1.8.0.121-0.b13.el7_3.x86_64/jre/lib/amd64/libzip.so
7fb5f9ace000-7fb5f9acf000 r--p 00007000 08:02 5253325                    /usr/lib/jvm/java-1.8.0-openjdk-1.8.0.121-0.b13.el7_3.x86_64/jre/lib/amd64/libzip.so
7fb5f9acf000-7fb5f9ad0000 rw-p 00008000 08:02 5253325                    /usr/lib/jvm/java-1.8.0-openjdk-1.8.0.121-0.b13.el7_3.x86_64/jre/lib/amd64/libzip.so
7fb5f9ad0000-7fb5f9adc000 r-xp 00000000 08:02 3423332                    /usr/lib64/libnss_ldap.so.2
7fb5f9adc000-7fb5f9cdb000 ---p 0000c000 08:02 3423332                    /usr/lib64/libnss_ldap.so.2
7fb5f9cdb000-7fb5f9cdc000 r--p 0000b000 08:02 3423332                    /usr/lib64/libnss_ldap.so.2
7fb5f9cdc000-7fb5f9cdd000 rw-p 0000c000 08:02 3423332                    /usr/lib64/libnss_ldap.so.2
7fb5f9cdd000-7fb5f9ce9000 r-xp 00000000 08:02 3413605                    /usr/lib64/libnss_files-2.17.so
7fb5f9ce9000-7fb5f9ee8000 ---p 0000c000 08:02 3413605                    /usr/lib64/libnss_files-2.17.so
7fb5f9ee8000-7fb5f9ee9000 r--p 0000b000 08:02 3413605                    /usr/lib64/libnss_files-2.17.so
7fb5f9ee9000-7fb5f9eea000 rw-p 0000c000 08:02 3413605                    /usr/lib64/libnss_files-2.17.so
7fb5f9eea000-7fb5f9ef0000 rw-p 00000000 00:00 0 
7fb5f9ef0000-7fb5f9ef2000 r-xp 00000000 08:02 5253319                    /usr/lib/jvm/java-1.8.0-openjdk-1.8.0.121-0.b13.el7_3.x86_64/jre/lib/amd64/libnpt.so
7fb5f9ef2000-7fb5fa0f2000 ---p 00002000 08:02 5253319                    /usr/lib/jvm/java-1.8.0-openjdk-1.8.0.121-0.b13.el7_3.x86_64/jre/lib/amd64/libnpt.so
7fb5fa0f2000-7fb5fa0f3000 r--p 00002000 08:02 5253319                    /usr/lib/jvm/java-1.8.0-openjdk-1.8.0.121-0.b13.el7_3.x86_64/jre/lib/amd64/libnpt.so
7fb5fa0f3000-7fb5fa0f4000 rw-p 00003000 08:02 5253319                    /usr/lib/jvm/java-1.8.0-openjdk-1.8.0.121-0.b13.el7_3.x86_64/jre/lib/amd64/libnpt.so
7fb5fa0f4000-7fb5fa12f000 r-xp 00000000 08:02 5253310                    /usr/lib/jvm/java-1.8.0-openjdk-1.8.0.121-0.b13.el7_3.x86_64/jre/lib/amd64/libjdwp.so
7fb5fa12f000-7fb5fa32e000 ---p 0003b000 08:02 5253310                    /usr/lib/jvm/java-1.8.0-openjdk-1.8.0.121-0.b13.el7_3.x86_64/jre/lib/amd64/libjdwp.so
7fb5fa32e000-7fb5fa32f000 r--p 0003a000 08:02 5253310                    /usr/lib/jvm/java-1.8.0-openjdk-1.8.0.121-0.b13.el7_3.x86_64/jre/lib/amd64/libjdwp.so
7fb5fa32f000-7fb5fa330000 rw-p 0003b000 08:02 5253310                    /usr/lib/jvm/java-1.8.0-openjdk-1.8.0.121-0.b13.el7_3.x86_64/jre/lib/amd64/libjdwp.so
7fb5fa330000-7fb5fa35d000 r-xp 00000000 08:02 5253307                    /usr/lib/jvm/java-1.8.0-openjdk-1.8.0.121-0.b13.el7_3.x86_64/jre/lib/amd64/libjava.so
7fb5fa35d000-7fb5fa55d000 ---p 0002d000 08:02 5253307                    /usr/lib/jvm/java-1.8.0-openjdk-1.8.0.121-0.b13.el7_3.x86_64/jre/lib/amd64/libjava.so
7fb5fa55d000-7fb5fa55e000 r--p 0002d000 08:02 5253307                    /usr/lib/jvm/java-1.8.0-openjdk-1.8.0.121-0.b13.el7_3.x86_64/jre/lib/amd64/libjava.so
7fb5fa55e000-7fb5fa560000 rw-p 0002e000 08:02 5253307                    /usr/lib/jvm/java-1.8.0-openjdk-1.8.0.121-0.b13.el7_3.x86_64/jre/lib/amd64/libjava.so
7fb5fa560000-7fb5fa56d000 r-xp 00000000 08:02 5253324                    /usr/lib/jvm/java-1.8.0-openjdk-1.8.0.121-0.b13.el7_3.x86_64/jre/lib/amd64/libverify.so
7fb5fa56d000-7fb5fa76c000 ---p 0000d000 08:02 5253324                    /usr/lib/jvm/java-1.8.0-openjdk-1.8.0.121-0.b13.el7_3.x86_64/jre/lib/amd64/libverify.so
7fb5fa76c000-7fb5fa76e000 r--p 0000c000 08:02 5253324                    /usr/lib/jvm/java-1.8.0-openjdk-1.8.0.121-0.b13.el7_3.x86_64/jre/lib/amd64/libverify.so
7fb5fa76e000-7fb5fa76f000 rw-p 0000e000 08:02 5253324                    /usr/lib/jvm/java-1.8.0-openjdk-1.8.0.121-0.b13.el7_3.x86_64/jre/lib/amd64/libverify.so
7fb5fa76f000-7fb5fa776000 r-xp 00000000 08:02 3413608                    /usr/lib64/librt-2.17.so
7fb5fa776000-7fb5fa975000 ---p 00007000 08:02 3413608                    /usr/lib64/librt-2.17.so
7fb5fa975000-7fb5fa976000 r--p 00006000 08:02 3413608                    /usr/lib64/librt-2.17.so
7fb5fa976000-7fb5fa977000 rw-p 00007000 08:02 3413608                    /usr/lib64/librt-2.17.so
7fb5fa977000-7fb5fa98c000 r-xp 00000000 08:02 3415330                    /usr/lib64/libgcc_s-4.8.5-20150702.so.1
7fb5fa98c000-7fb5fab8b000 ---p 00015000 08:02 3415330                    /usr/lib64/libgcc_s-4.8.5-20150702.so.1
7fb5fab8b000-7fb5fab8c000 r--p 00014000 08:02 3415330                    /usr/lib64/libgcc_s-4.8.5-20150702.so.1
7fb5fab8c000-7fb5fab8d000 rw-p 00015000 08:02 3415330                    /usr/lib64/libgcc_s-4.8.5-20150702.so.1
7fb5fab8d000-7fb5fac8d000 r-xp 00000000 08:02 3413603                    /usr/lib64/libm-2.17.so
7fb5fac8d000-7fb5fae8d000 ---p 00100000 08:02 3413603                    /usr/lib64/libm-2.17.so
7fb5fae8d000-7fb5fae8e000 r--p 00100000 08:02 3413603                    /usr/lib64/libm-2.17.so
7fb5fae8e000-7fb5fae8f000 rw-p 00101000 08:02 3413603                    /usr/lib64/libm-2.17.so
7fb5fae8f000-7fb5faf78000 r-xp 00000000 08:02 3408513                    /usr/lib64/libstdc++.so.6.0.19
7fb5faf78000-7fb5fb178000 ---p 000e9000 08:02 3408513                    /usr/lib64/libstdc++.so.6.0.19
7fb5fb178000-7fb5fb181000 r--p 000e9000 08:02 3408513                    /usr/lib64/libstdc++.so.6.0.19
7fb5fb181000-7fb5fb183000 rw-p 000f2000 08:02 3408513                    /usr/lib64/libstdc++.so.6.0.19
7fb5fb183000-7fb5fb198000 rw-p 00000000 00:00 0 
7fb5fb198000-7fb5fbda9000 r-xp 00000000 08:02 5253329                    /usr/lib/jvm/java-1.8.0-openjdk-1.8.0.121-0.b13.el7_3.x86_64/jre/lib/amd64/server/libjvm.so
7fb5fbda9000-7fb5fbfa8000 ---p 00c11000 08:02 5253329                    /usr/lib/jvm/java-1.8.0-openjdk-1.8.0.121-0.b13.el7_3.x86_64/jre/lib/amd64/server/libjvm.so
7fb5fbfa8000-7fb5fc047000 r--p 00c10000 08:02 5253329                    /usr/lib/jvm/java-1.8.0-openjdk-1.8.0.121-0.b13.el7_3.x86_64/jre/lib/amd64/server/libjvm.so
7fb5fc047000-7fb5fc070000 rw-p 00caf000 08:02 5253329                    /usr/lib/jvm/java-1.8.0-openjdk-1.8.0.121-0.b13.el7_3.x86_64/jre/lib/amd64/server/libjvm.so
7fb5fc070000-7fb5fc0a2000 rw-p 00000000 00:00 0 
7fb5fc0a2000-7fb5fc258000 r-xp 00000000 08:02 3408466                    /usr/lib64/libc-2.17.so
7fb5fc258000-7fb5fc458000 ---p 001b6000 08:02 3408466                    /usr/lib64/libc-2.17.so
7fb5fc458000-7fb5fc45c000 r--p 001b6000 08:02 3408466                    /usr/lib64/libc-2.17.so
7fb5fc45c000-7fb5fc45e000 rw-p 001ba000 08:02 3408466                    /usr/lib64/libc-2.17.so
7fb5fc45e000-7fb5fc463000 rw-p 00000000 00:00 0 
7fb5fc463000-7fb5fc465000 r-xp 00000000 08:02 3413602                    /usr/lib64/libdl-2.17.so
7fb5fc465000-7fb5fc665000 ---p 00002000 08:02 3413602                    /usr/lib64/libdl-2.17.so
7fb5fc665000-7fb5fc666000 r--p 00002000 08:02 3413602                    /usr/lib64/libdl-2.17.so
7fb5fc666000-7fb5fc667000 rw-p 00003000 08:02 3413602                    /usr/lib64/libdl-2.17.so
7fb5fc667000-7fb5fc675000 r-xp 00000000 08:02 5253413                    /usr/lib/jvm/java-1.8.0-openjdk-1.8.0.121-0.b13.el7_3.x86_64/lib/amd64/jli/libjli.so
7fb5fc675000-7fb5fc874000 ---p 0000e000 08:02 5253413                    /usr/lib/jvm/java-1.8.0-openjdk-1.8.0.121-0.b13.el7_3.x86_64/lib/amd64/jli/libjli.so
7fb5fc874000-7fb5fc875000 r--p 0000d000 08:02 5253413                    /usr/lib/jvm/java-1.8.0-openjdk-1.8.0.121-0.b13.el7_3.x86_64/lib/amd64/jli/libjli.so
7fb5fc875000-7fb5fc876000 rw-p 0000e000 08:02 5253413                    /usr/lib/jvm/java-1.8.0-openjdk-1.8.0.121-0.b13.el7_3.x86_64/lib/amd64/jli/libjli.so
7fb5fc876000-7fb5fc88b000 r-xp 00000000 08:02 3408643                    /usr/lib64/libz.so.1.2.7
7fb5fc88b000-7fb5fca8a000 ---p 00015000 08:02 3408643                    /usr/lib64/libz.so.1.2.7
7fb5fca8a000-7fb5fca8b000 r--p 00014000 08:02 3408643                    /usr/lib64/libz.so.1.2.7
7fb5fca8b000-7fb5fca8c000 rw-p 00015000 08:02 3408643                    /usr/lib64/libz.so.1.2.7
7fb5fca8c000-7fb5fcaa3000 r-xp 00000000 08:02 3408492                    /usr/lib64/libpthread-2.17.so
7fb5fcaa3000-7fb5fcca2000 ---p 00017000 08:02 3408492                    /usr/lib64/libpthread-2.17.so
7fb5fcca2000-7fb5fcca3000 r--p 00016000 08:02 3408492                    /usr/lib64/libpthread-2.17.so
7fb5fcca3000-7fb5fcca4000 rw-p 00017000 08:02 3408492                    /usr/lib64/libpthread-2.17.so
7fb5fcca4000-7fb5fcca8000 rw-p 00000000 00:00 0 
7fb5fcca8000-7fb5fccc8000 r-xp 00000000 08:02 3408459                    /usr/lib64/ld-2.17.so
7fb5fcda0000-7fb5fcda3000 ---p 00000000 00:00 0 
7fb5fcda3000-7fb5fcea6000 rw-p 00000000 00:00 0                          [stack:17546]
7fb5fceb9000-7fb5fcebc000 rw-p 00000000 00:00 0 
7fb5fcebc000-7fb5fcec4000 rw-s 00000000 00:23 51292817                   /tmp/hsperfdata_josephd/17539
7fb5fcec4000-7fb5fcec5000 rw-p 00000000 00:00 0 
7fb5fcec5000-7fb5fcec6000 r--p 00000000 00:00 0 
7fb5fcec6000-7fb5fcec7000 rw-p 00000000 00:00 0 
7fb5fcec7000-7fb5fcec8000 r--p 0001f000 08:02 3408459                    /usr/lib64/ld-2.17.so
7fb5fcec8000-7fb5fcec9000 rw-p 00020000 08:02 3408459                    /usr/lib64/ld-2.17.so
7fb5fcec9000-7fb5fceca000 rw-p 00000000 00:00 0 
7ffce2ed7000-7ffce2ef8000 rw-p 00000000 00:00 0                          [stack]
7ffce2fe2000-7ffce2fe4000 r-xp 00000000 00:00 0                          [vdso]
ffffffffff600000-ffffffffff601000 r-xp 00000000 00:00 0                  [vsyscall]

VM Arguments:
jvm_args: -agentlib:jdwp=transport=dt_socket,suspend=y,address=localhost:37741 -Dfile.encoding=UTF-8 
java_command: airbnb.Application
java_class_path (initial): /home/josephd/workspace/airbnb/bin:/home/josephd/workspace/airbnb/mysql.jar
Launcher Type: SUN_STANDARD

Environment Variables:
PATH=/usr/lib64/qt-3.3/bin:/usr/local/bin:/usr/bin:/bin:/usr/local/sbin:/usr/sbin
SHELL=/bin/tcsh
DISPLAY=:0
HOSTTYPE=x86_64-linux
OSTYPE=linux
MACHTYPE=x86_64

Signal Handlers:
SIGSEGV: [libjvm.so+0xa14d20], sa_mask[0]=11111111011111111101111111111110, sa_flags=SA_RESTART|SA_SIGINFO
SIGBUS: [libjvm.so+0xa14d20], sa_mask[0]=11111111011111111101111111111110, sa_flags=SA_RESTART|SA_SIGINFO
SIGFPE: [libjvm.so+0x8701b0], sa_mask[0]=11111111011111111101111111111110, sa_flags=SA_RESTART|SA_SIGINFO
SIGPIPE: [libjvm.so+0x8701b0], sa_mask[0]=11111111011111111101111111111110, sa_flags=SA_RESTART|SA_SIGINFO
SIGXFSZ: [libjvm.so+0x8701b0], sa_mask[0]=11111111011111111101111111111110, sa_flags=SA_RESTART|SA_SIGINFO
SIGILL: [libjvm.so+0x8701b0], sa_mask[0]=11111111011111111101111111111110, sa_flags=SA_RESTART|SA_SIGINFO
SIGUSR1: SIG_DFL, sa_mask[0]=00000000000000000000000000000000, sa_flags=none
SIGUSR2: [libjvm.so+0x870060], sa_mask[0]=00100000000000000000000000000000, sa_flags=SA_RESTART|SA_SIGINFO
SIGHUP: SIG_DFL, sa_mask[0]=00000000000000000000000000000000, sa_flags=none
SIGINT: SIG_DFL, sa_mask[0]=00000000000000000000000000000000, sa_flags=none
SIGTERM: SIG_DFL, sa_mask[0]=00000000000000000000000000000000, sa_flags=none
SIGQUIT: SIG_DFL, sa_mask[0]=00000000000000000000000000000000, sa_flags=none


---------------  S Y S T E M  ---------------

OS:CentOS Linux release 7.3.1611 (Core) 

uname:Linux 3.10.0-514.10.2.el7.x86_64 #1 SMP Fri Mar 3 00:04:05 UTC 2017 x86_64
libc:glibc 2.17 NPTL 2.17 
rlimit: STACK 8192k, CORE 0k, NPROC 500, NOFILE 4096, AS infinity
load average:0.02 0.13 0.20

/proc/meminfo:
MemTotal:       32822776 kB
MemFree:        20436896 kB
MemAvailable:   28061688 kB
Buffers:          269304 kB
Cached:          7678864 kB
SwapCached:            0 kB
Active:          5970844 kB
Inactive:        5376824 kB
Active(anon):    3429188 kB
Inactive(anon):   436596 kB
Active(file):    2541656 kB
Inactive(file):  4940228 kB
Unevictable:         124 kB
Mlocked:             124 kB
SwapTotal:       5242876 kB
SwapFree:        5242876 kB
Dirty:                24 kB
Writeback:             0 kB
AnonPages:       3400032 kB
Mapped:           421164 kB
Shmem:            466288 kB
Slab:             627404 kB
SReclaimable:     544768 kB
SUnreclaim:        82636 kB
KernelStack:       20128 kB
PageTables:        84680 kB
NFS_Unstable:          0 kB
Bounce:                0 kB
WritebackTmp:          0 kB
CommitLimit:    21654264 kB
Committed_AS:   15485328 kB
VmallocTotal:   34359738367 kB
VmallocUsed:      436616 kB
VmallocChunk:   34358947836 kB
HardwareCorrupted:     0 kB
AnonHugePages:   1169408 kB
HugePages_Total:       0
HugePages_Free:        0
HugePages_Rsvd:        0
HugePages_Surp:        0
Hugepagesize:       2048 kB
DirectMap4k:     1331104 kB
DirectMap2M:    17418240 kB
DirectMap1G:    14680064 kB


CPU:total 8 (4 cores per cpu, 2 threads per core) family 6 model 60 stepping 3, cmov, cx8, fxsr, mmx, sse, sse2, sse3, ssse3, sse4.1, sse4.2, popcnt, avx, avx2, aes, clmul, erms, lzcnt, ht, tsc, tscinvbit, bmi1, bmi2

/proc/cpuinfo:
processor	: 0
vendor_id	: GenuineIntel
cpu family	: 6
model		: 60
model name	: Intel(R) Core(TM) i7-4790 CPU @ 3.60GHz
stepping	: 3
microcode	: 0x20
cpu MHz		: 3954.515
cache size	: 8192 KB
physical id	: 0
siblings	: 8
core id		: 0
cpu cores	: 4
apicid		: 0
initial apicid	: 0
fpu		: yes
fpu_exception	: yes
cpuid level	: 13
wp		: yes
flags		: fpu vme de pse tsc msr pae mce cx8 apic sep mtrr pge mca cmov pat pse36 clflush dts acpi mmx fxsr sse sse2 ss ht tm pbe syscall nx pdpe1gb rdtscp lm constant_tsc arch_perfmon pebs bts rep_good nopl xtopology nonstop_tsc aperfmperf eagerfpu pni pclmulqdq dtes64 monitor ds_cpl vmx smx est tm2 ssse3 fma cx16 xtpr pdcm pcid sse4_1 sse4_2 x2apic movbe popcnt tsc_deadline_timer aes xsave avx f16c rdrand lahf_lm abm ida arat epb pln pts dtherm tpr_shadow vnmi flexpriority ept vpid fsgsbase tsc_adjust bmi1 avx2 smep bmi2 erms invpcid xsaveopt
bogomips	: 7199.71
clflush size	: 64
cache_alignment	: 64
address sizes	: 39 bits physical, 48 bits virtual
power management:

processor	: 1
vendor_id	: GenuineIntel
cpu family	: 6
model		: 60
model name	: Intel(R) Core(TM) i7-4790 CPU @ 3.60GHz
stepping	: 3
microcode	: 0x20
cpu MHz		: 3888.140
cache size	: 8192 KB
physical id	: 0
siblings	: 8
core id		: 1
cpu cores	: 4
apicid		: 2
initial apicid	: 2
fpu		: yes
fpu_exception	: yes
cpuid level	: 13
wp		: yes
flags		: fpu vme de pse tsc msr pae mce cx8 apic sep mtrr pge mca cmov pat pse36 clflush dts acpi mmx fxsr sse sse2 ss ht tm pbe syscall nx pdpe1gb rdtscp lm constant_tsc arch_perfmon pebs bts rep_good nopl xtopology nonstop_tsc aperfmperf eagerfpu pni pclmulqdq dtes64 monitor ds_cpl vmx smx est tm2 ssse3 fma cx16 xtpr pdcm pcid sse4_1 sse4_2 x2apic movbe popcnt tsc_deadline_timer aes xsave avx f16c rdrand lahf_lm abm ida arat epb pln pts dtherm tpr_shadow vnmi flexpriority ept vpid fsgsbase tsc_adjust bmi1 avx2 smep bmi2 erms invpcid xsaveopt
bogomips	: 7199.71
clflush size	: 64
cache_alignment	: 64
address sizes	: 39 bits physical, 48 bits virtual
power management:

processor	: 2
vendor_id	: GenuineIntel
cpu family	: 6
model		: 60
model name	: Intel(R) Core(TM) i7-4790 CPU @ 3.60GHz
stepping	: 3
microcode	: 0x20
cpu MHz		: 3764.953
cache size	: 8192 KB
physical id	: 0
siblings	: 8
core id		: 2
cpu cores	: 4
apicid		: 4
initial apicid	: 4
fpu		: yes
fpu_exception	: yes
cpuid level	: 13
wp		: yes
flags		: fpu vme de pse tsc msr pae mce cx8 apic sep mtrr pge mca cmov pat pse36 clflush dts acpi mmx fxsr sse sse2 ss ht tm pbe syscall nx pdpe1gb rdtscp lm constant_tsc arch_perfmon pebs bts rep_good nopl xtopology nonstop_tsc aperfmperf eagerfpu pni pclmulqdq dtes64 monitor ds_cpl vmx smx est tm2 ssse3 fma cx16 xtpr pdcm pcid sse4_1 sse4_2 x2apic movbe popcnt tsc_deadline_timer aes xsave avx f16c rdrand lahf_lm abm ida arat epb pln pts dtherm tpr_shadow vnmi flexpriority ept vpid fsgsbase tsc_adjust bmi1 avx2 smep bmi2 erms invpcid xsaveopt
bogomips	: 7199.71
clflush size	: 64
cache_alignment	: 64
address sizes	: 39 bits physical, 48 bits virtual
power management:

processor	: 3
vendor_id	: GenuineIntel
cpu family	: 6
model		: 60
model name	: Intel(R) Core(TM) i7-4790 CPU @ 3.60GHz
stepping	: 3
microcode	: 0x20
cpu MHz		: 3057.046
cache size	: 8192 KB
physical id	: 0
siblings	: 8
core id		: 3
cpu cores	: 4
apicid		: 6
initial apicid	: 6
fpu		: yes
fpu_exception	: yes
cpuid level	: 13
wp		: yes
flags		: fpu vme de pse tsc msr pae mce cx8 apic sep mtrr pge mca cmov pat pse36 clflush dts acpi mmx fxsr sse sse2 ss ht tm pbe syscall nx pdpe1gb rdtscp lm constant_tsc arch_perfmon pebs bts rep_good nopl xtopology nonstop_tsc aperfmperf eagerfpu pni pclmulqdq dtes64 monitor ds_cpl vmx smx est tm2 ssse3 fma cx16 xtpr pdcm pcid sse4_1 sse4_2 x2apic movbe popcnt tsc_deadline_timer aes xsave avx f16c rdrand lahf_lm abm ida arat epb pln pts dtherm tpr_shadow vnmi flexpriority ept vpid fsgsbase tsc_adjust bmi1 avx2 smep bmi2 erms invpcid xsaveopt
bogomips	: 7199.71
clflush size	: 64
cache_alignment	: 64
address sizes	: 39 bits physical, 48 bits virtual
power management:

processor	: 4
vendor_id	: GenuineIntel
cpu family	: 6
model		: 60
model name	: Intel(R) Core(TM) i7-4790 CPU @ 3.60GHz
stepping	: 3
microcode	: 0x20
cpu MHz		: 3978.703
cache size	: 8192 KB
physical id	: 0
siblings	: 8
core id		: 0
cpu cores	: 4
apicid		: 1
initial apicid	: 1
fpu		: yes
fpu_exception	: yes
cpuid level	: 13
wp		: yes
flags		: fpu vme de pse tsc msr pae mce cx8 apic sep mtrr pge mca cmov pat pse36 clflush dts acpi mmx fxsr sse sse2 ss ht tm pbe syscall nx pdpe1gb rdtscp lm constant_tsc arch_perfmon pebs bts rep_good nopl xtopology nonstop_tsc aperfmperf eagerfpu pni pclmulqdq dtes64 monitor ds_cpl vmx smx est tm2 ssse3 fma cx16 xtpr pdcm pcid sse4_1 sse4_2 x2apic movbe popcnt tsc_deadline_timer aes xsave avx f16c rdrand lahf_lm abm ida arat epb pln pts dtherm tpr_shadow vnmi flexpriority ept vpid fsgsbase tsc_adjust bmi1 avx2 smep bmi2 erms invpcid xsaveopt
bogomips	: 7199.71
clflush size	: 64
cache_alignment	: 64
address sizes	: 39 bits physical, 48 bits virtual
power management:

processor	: 5
vendor_id	: GenuineIntel
cpu family	: 6
model		: 60
model name	: Intel(R) Core(TM) i7-4790 CPU @ 3.60GHz
stepping	: 3
microcode	: 0x20
cpu MHz		: 2201.906
cache size	: 8192 KB
physical id	: 0
siblings	: 8
core id		: 1
cpu cores	: 4
apicid		: 3
initial apicid	: 3
fpu		: yes
fpu_exception	: yes
cpuid level	: 13
wp		: yes
flags		: fpu vme de pse tsc msr pae mce cx8 apic sep mtrr pge mca cmov pat pse36 clflush dts acpi mmx fxsr sse sse2 ss ht tm pbe syscall nx pdpe1gb rdtscp lm constant_tsc arch_perfmon pebs bts rep_good nopl xtopology nonstop_tsc aperfmperf eagerfpu pni pclmulqdq dtes64 monitor ds_cpl vmx smx est tm2 ssse3 fma cx16 xtpr pdcm pcid sse4_1 sse4_2 x2apic movbe popcnt tsc_deadline_timer aes xsave avx f16c rdrand lahf_lm abm ida arat epb pln pts dtherm tpr_shadow vnmi flexpriority ept vpid fsgsbase tsc_adjust bmi1 avx2 smep bmi2 erms invpcid xsaveopt
bogomips	: 7199.71
clflush size	: 64
cache_alignment	: 64
address sizes	: 39 bits physical, 48 bits virtual
power management:

processor	: 6
vendor_id	: GenuineIntel
cpu family	: 6
model		: 60
model name	: Intel(R) Core(TM) i7-4790 CPU @ 3.60GHz
stepping	: 3
microcode	: 0x20
cpu MHz		: 2932.171
cache size	: 8192 KB
physical id	: 0
siblings	: 8
core id		: 2
cpu cores	: 4
apicid		: 5
initial apicid	: 5
fpu		: yes
fpu_exception	: yes
cpuid level	: 13
wp		: yes
flags		: fpu vme de pse tsc msr pae mce cx8 apic sep mtrr pge mca cmov pat pse36 clflush dts acpi mmx fxsr sse sse2 ss ht tm pbe syscall nx pdpe1gb rdtscp lm constant_tsc arch_perfmon pebs bts rep_good nopl xtopology nonstop_tsc aperfmperf eagerfpu pni pclmulqdq dtes64 monitor ds_cpl vmx smx est tm2 ssse3 fma cx16 xtpr pdcm pcid sse4_1 sse4_2 x2apic movbe popcnt tsc_deadline_timer aes xsave avx f16c rdrand lahf_lm abm ida arat epb pln pts dtherm tpr_shadow vnmi flexpriority ept vpid fsgsbase tsc_adjust bmi1 avx2 smep bmi2 erms invpcid xsaveopt
bogomips	: 7199.71
clflush size	: 64
cache_alignment	: 64
address sizes	: 39 bits physical, 48 bits virtual
power management:

processor	: 7
vendor_id	: GenuineIntel
cpu family	: 6
model		: 60
model name	: Intel(R) Core(TM) i7-4790 CPU @ 3.60GHz
stepping	: 3
microcode	: 0x20
cpu MHz		: 3948.187
cache size	: 8192 KB
physical id	: 0
siblings	: 8
core id		: 3
cpu cores	: 4
apicid		: 7
initial apicid	: 7
fpu		: yes
fpu_exception	: yes
cpuid level	: 13
wp		: yes
flags		: fpu vme de pse tsc msr pae mce cx8 apic sep mtrr pge mca cmov pat pse36 clflush dts acpi mmx fxsr sse sse2 ss ht tm pbe syscall nx pdpe1gb rdtscp lm constant_tsc arch_perfmon pebs bts rep_good nopl xtopology nonstop_tsc aperfmperf eagerfpu pni pclmulqdq dtes64 monitor ds_cpl vmx smx est tm2 ssse3 fma cx16 xtpr pdcm pcid sse4_1 sse4_2 x2apic movbe popcnt tsc_deadline_timer aes xsave avx f16c rdrand lahf_lm abm ida arat epb pln pts dtherm tpr_shadow vnmi flexpriority ept vpid fsgsbase tsc_adjust bmi1 avx2 smep bmi2 erms invpcid xsaveopt
bogomips	: 7199.71
clflush size	: 64
cache_alignment	: 64
address sizes	: 39 bits physical, 48 bits virtual
power management:



Memory: 4k page, physical 32822776k(20436896k free), swap 5242876k(5242876k free)

vm_info: OpenJDK 64-Bit Server VM (25.121-b13) for linux-amd64 JRE (1.8.0_121-b13), built on Jan 20 2017 16:56:20 by "mockbuild" with gcc 4.8.5 20150623 (Red Hat 4.8.5-11)

time: Sat Mar 25 17:11:03 2017
elapsed time: 0 seconds (0d 0h 0m 0s)

